SP2-0734: unknown command beginning "﻿SET DEFIN..." - rest of line ignored.
Table SIE_01_ATRIB_MODL_COMNC
Table SIE_01_CODE_ERR_ORACL
Table SIE_01_CONFG_EVENM_NOTFB
Table SIE_01_DESTN
Table SIE_01_DESTN_CONFG_EVENM_NOTFB
Table SIE_01_ELEMN_CONFG_EVENM_NOTFB
Table SIE_01_EVENM_NOTFB
Table SIE_01_HIERC_APLIC
Table SIE_01_LANG
Table SIE_01_LANG_LANG
Table SIE_01_MESG
Table SIE_01_MESG_ERR_LIE
Table SIE_01_MESG_INFOR
Table SIE_01_MESG_LANG
Table SIE_01_MESG_TRADC_APEX
Table SIE_01_MODL_AFICH_NOTFC
Table SIE_01_MODL_COMNC
Table SIE_01_MODL_MESG_NOTFC
Table SIE_01_NOTFC
Table SIE_01_OCURN_SA_EVENM_NOTFB
Table SIE_01_RESLT_DESTN
Table SIE_01_TYPE_COMNC
Table SIE_03_CLAS_INTER
Table SIE_03_JOURN
Table SIE_03_JOURN_STRUC_APLIC
Table SIE_03_LIEN_CLAS_INTER_UTILS
Table SIE_03_TRACE_EXECT
Table SIE_04_CONTX
Table SIE_04_CONTX_ETEND
Table SIE_04_FIL_ARIAN
Table SIE_04_NAVGT_HISTR
Table SIE_07_AUDIT_STRUC_APLIC
Table SIE_07_ETAT_SESN
Table SIE_07_INSTA_SEMPH
Table SIE_07_SEMPH
Table SIE_07_VALR_AUDIT_STRUC_APLIC
Table SIE_11_APLIC
Table SIE_11_ATRIB_ENTIT
Table SIE_11_ENTIT
Table SIE_11_PARMT_AFW
Table SIE_11_PLUGN
Table SIE_11_PRODT
Table SIE_11_PRODT_LANG
Table SIE_11_PRODT_RESRC
Table SIE_11_UTILS
Table SIE_11_VERSN
Table SIE_12_ACTIO_AUDIT
Table SIE_12_ARBRE
Table SIE_12_ARBRE_NOEUD
Table SIE_12_ATRIB_STRUC_APLIC
Table SIE_12_COMPT_PAYPL
Table SIE_12_DEFNT_ACCES
Table SIE_12_DETL_FORML
Table SIE_12_DOMN
Table SIE_12_DOMN_FONCT
Table SIE_12_DOMN_UTILS
Table SIE_12_EVOLT_STAT
Table SIE_12_FAVR
Table SIE_12_FONCT
Table SIE_12_FONCT_STRUC_APLIC
Table SIE_12_FORML
Table SIE_12_GROUP_STAT
Table SIE_12_GROUP_UTILS
Table SIE_12_GR_UT_OPERT_OPTIO_DOMN
Table SIE_12_HISTR_ACCES
Table SIE_12_LIEN_GROUP_UTILS
Table SIE_12_LIEN_STRUC
Table SIE_12_MEMBR_STRUC
Table SIE_12_PAYPL_RETR_APLIC
Table SIE_12_REPNS_FORML
Table SIE_12_REQT_INTER_UTILS
Table SIE_12_SESN
Table SIE_12_STAT
Table SIE_12_STRUC_ADMIN
Table SIE_12_STRUC_APLIC
Table SIE_12_STRUC_APLIC_DESTN
Table SIE_12_STRUC_APLIC_LANG
Table SIE_12_STRUC_APLIC_SUIVI
Table SIE_12_TYPE_STRUC
Table SIE_12_UTILS
Table SIE_13_CONDT_EXECT
Table SIE_13_CONDT_PILTB
Table SIE_13_DOSR_VIRTL
Table SIE_13_EMPLA_DOSR_VIRTL
Table SIE_13_EXPOR_APLIC
Table SIE_13_EXPOR_PAGE
Table SIE_13_FORMT_RESRC
Table SIE_13_INSTA_PREFR
Table SIE_13_ITEM_MENU
Table SIE_13_LIEN_CONDT_PILTB
Table SIE_13_LISTE_NAVGT
Table SIE_13_MENU
Table SIE_13_MIME_TYPE
Table SIE_13_NAVGT
Table SIE_13_NAVGT_ELEMN
Table SIE_13_OCURN_RESRC
Table SIE_13_OPERT
Table SIE_13_OPERT_OPTIO
Table SIE_13_PAGE
Table SIE_13_PAGE_IR
Table SIE_13_PAGE_IR_COLN
Table SIE_13_PAGE_ITEM
Table SIE_13_PAGE_ITEM_LANG
Table SIE_13_PAGE_LANG
Table SIE_13_PAGE_PREFR_NAVGT
Table SIE_13_PREFR
Table SIE_13_REGN_PILTB
Table SIE_13_REGN_PILTB_LANG
Table SIE_13_RESRC
Table SIE_13_TYPE_FICHR
Table SIE_14_DETL_DOMN_VALR
Table SIE_14_DOMN_VALR
Table SIE_14_FORMT
Table SIE_14_TYPE_DOMN_VALR
Table SIE_17_ATACH_COURL_ENTRA
Table SIE_17_COMPT_AXIAT
Table SIE_17_COMPT_TWILI
Table SIE_17_COURL
Table SIE_17_COURL_DESTN
Table SIE_17_COURL_ENTRA
Table SIE_17_COURL_PIECE_JOINT
Table SIE_17_PIECE_TELCP_AXIAT
Table SIE_17_PROFL_COURL
Table SIE_17_PROPR_COURL_ENTRA
Table SIE_17_SMS_TWILI
Table SIE_17_SMS_TWILI_ENTRA
Table SIE_17_TELCP_AXIAT
Table SIE_19_BOUTN
Table SIE_19_CLE
Table SIE_19_DISPN_FONCT
Table SIE_19_FONCT
Table SIE_19_FONCT_LANG
Table SIE_19_SPECF_FONCT
Table SIE_20_DEPLM
Table SIE_20_DETL_DOCMN
Table SIE_20_DOCMN
Table SIE_20_MODL
Table SIE_20_MODL_EXCEP
Table SIE_20_MODL_PARMT
Table SIE_20_SECTN_DOCMN
Table SIE_21_PLUGN_ARBRE
Table SIE_21_PLUGN_ARBRE_NOEUD
Table SIE_21_PLUGN_CALND
Table SIE_21_PLUGN_CALND_COULR
Table SIE_21_PLUGN_CALND_TYPE
Table SIE_21_PLUGN_ITEM_MENU
Table SIE_21_PLUGN_MENU
Table SIE_23_APLIC_MODL_RECHR
Table SIE_23_DETL_APLIC_MODL_RECHR
Table SIE_23_DETL_RESLT_RECHR
Table SIE_23_ENONC_RECHR
Table SIE_23_MODL_RECHR
Table SIE_23_PATRN_RECHR
Table SIE_23_RECHR
Table SIE_23_RESLT_RECHR
Table SIE_25_CHAMP
Table SIE_25_CHAMP_PUBLC_TRAVL
Table SIE_25_DOMN_TYPE_PUBLC
Table SIE_25_ELEMN_CONFG_PUBLC
Table SIE_25_ENGIN
Table SIE_25_ENGIN_VERSN_PUBLC
Table SIE_25_GROUP_PUBLC
Table SIE_25_JOURN_TRAVL_EXECT
Table SIE_25_OCURN_PARMT_PUBLC_TRAVL
Table SIE_25_PARMT_PUBLC_TRAVL
Table SIE_25_PARMT_PUBLC_TRAVL_EXECT
Table SIE_25_PARMT_TYPE_PUBLC
Table SIE_25_PUBLC
Table SIE_25_PUBLC_TRAVL
Table SIE_25_TRAVL
Table SIE_25_TYPE_PUBLC
Table SIE_25_TYPE_TRAVL
Table SIE_25_VALR_CHAMP
Table SIE_25_VALR_ELEMN_CONFG
Table SIE_25_VERSN_PUBLC
Table SIE_29_CONTR
Table SIE_29_RESLT_REQUT_AQ
Table SIE_30_AFECT_ITEM
Table SIE_30_CARNT_APLIC
Table SIE_30_CARNT_PRODT
Table SIE_30_CARNT_SPRIN
Table SIE_30_CAS_UTILS
Table SIE_30_EFORT_ITEM
Table SIE_30_HISTR_EFORT_RESTN
Table SIE_30_ITEM_CARNT_PRODT
Table SIE_30_ITEM_CARNT_SPRIN
Table SIE_30_PAGE
Table SIE_30_PAGE_ITEM
Table TC_SIE_07_SEQNC
Sequence SIE_01_ATRIB_EVENM_NOTFB_SEQ
Sequence SIE_01_ATRIB_MODL_COMNC_SEQ
Sequence SIE_01_CODE_ERR_ORACL_SEQ
Sequence SIE_01_CONFG_EVENM_NOTFB_SEQ
Sequence SIE_01_DESTN_CONFG_EN_SEQ
Sequence SIE_01_DESTN_EVENM_NOTFB_SEQ
Sequence SIE_01_DESTN_SEQ
Sequence SIE_01_DETL_VALDT_SEQ
Sequence SIE_01_ELEMN_CONFG_EN_SEQ
Sequence SIE_01_EVENM_NOTFB_SEQ
Sequence SIE_01_HIERC_APLIC_SEQ
Sequence SIE_01_LANG_LANG_SEQ
Sequence SIE_01_LANG_SEQ
Sequence SIE_01_LIEN_EVENM_NOTFB_SEQ
Sequence SIE_01_MESG_ERR_LIE_SEQ
Sequence SIE_01_MESG_INFOR_SEQ
Sequence SIE_01_MESG_LANG_SEQ
Sequence SIE_01_MESG_SEQ
Sequence SIE_01_MESG_TRADC_APEX_SEQ
Sequence SIE_01_MODL_AFICH_NOTFC_SEQ
Sequence SIE_01_MODL_COMNC_SEQ
Sequence SIE_01_MODL_MESG_NOTFC_SEQ
Sequence SIE_01_NOTFC_SEQ
Sequence SIE_01_NOT_STR_APL_AUT_SEQ
Sequence SIE_01_OCURN_NOTFC_SEQ
Sequence SIE_01_OCURN_SA_EN_SEQ
Sequence SIE_01_RESLT_DESTN_SEQ
Sequence SIE_01_TYPE_COMNC_SEQ
Sequence SIE_01_VALDT_SEQ
Sequence SIE_03_CLAS_INTER_SEQ
Sequence SIE_03_JOURN_STRUC_APLIC_SEQ
Sequence SIE_03_LIEN_CLAS_INTER_UTI_SEQ
Sequence SIE_03_TRACE_EXECT_SEQ
Sequence SIE_04_CONTX_ETEND_SEQ
Sequence SIE_04_FIL_ARIAN_SEQ
Sequence SIE_04_NAVGT_HISTR_SEQ
Sequence SIE_04_TYPE_CONTX_SEQ
Sequence SIE_07_AUDIT_STRUC_APLIC_SEQ
Sequence SIE_07_INSTA_SEMPH_SEQ
Sequence SIE_07_SEMPH_SEQ
Sequence SIE_07_SESN_SEQ
Sequence SIE_07_VALR_AUDIT_SA_SEQ
Sequence SIE_11_APLIC_SEQ
Sequence SIE_11_ATRIB_ENTIT_SEQ
Sequence SIE_11_ENTIT_SEQ
Sequence SIE_11_PARMT_AFW_SEQNC
Sequence SIE_11_PLUGN_SEQ
Sequence SIE_11_PRODT_LANG_SEQ
Sequence SIE_11_PRODT_RESRC_SEQ
Sequence SIE_11_PRODT_SEQ
Sequence SIE_11_SYSTM_SEQ
Sequence SIE_11_UTILS_SEQ
Sequence SIE_11_VERSN_SEQ
Sequence SIE_12_ACTIO_AUDIT_SEQ
Sequence SIE_12_ARBRE_NOEUD_SEQ
Sequence SIE_12_ARBRE_SEQ
Sequence SIE_12_ATRIB_STRUC_APLIC_SEQ
Sequence SIE_12_COMPT_PAYPL_SEQ
Sequence SIE_12_DEFNT_ACCES_SEQ
Sequence SIE_12_DETL_FORML_SEQ
Sequence SIE_12_DOMN_FONCT_SEQ
Sequence SIE_12_DOMN_SEQ
Sequence SIE_12_DOMN_UTILS_SEQ
Sequence SIE_12_EVOLT_STAT_SEQ
Sequence SIE_12_FAVR_SEQ
Sequence SIE_12_FONCT_SEQ
Sequence SIE_12_FONCT_STRUC_APLIC_SEQ
Sequence SIE_12_FORML_SEQ
Sequence SIE_12_GROUP_OPERT_SEQ
Sequence SIE_12_GROUP_STAT_SEQ
Sequence SIE_12_GROUP_UTILS_SEQ
Sequence SIE_12_GR_UT_OPERT_OPT_D_SEQ
Sequence SIE_12_HISTR_ACCES_SEQ
Sequence SIE_12_LIEN_GROUP_UTILS_SEQ
Sequence SIE_12_LIEN_STRUC_SEQ
Sequence SIE_12_MEMBR_STRUC_SEQ
Sequence SIE_12_PAYPL_RETR_APLIC_SEQ
Sequence SIE_12_REPNS_FORML_SEQ
Sequence SIE_12_REQT_INTER_UTILS_SEQ
Sequence SIE_12_STAT_SEQ
Sequence SIE_12_STRUC_ADMIN_SEQ
Sequence SIE_12_STRUC_APLIC_DESTN_SEQ
Sequence SIE_12_STRUC_APLIC_LANG_SEQ
Sequence SIE_12_STRUC_APLIC_SEQ
Sequence SIE_12_TYPE_STRUC_SEQ
Sequence SIE_12_UTILS_SEQ
Sequence SIE_13_CAS_LECTR_SEULE_SEQ
Sequence SIE_13_CONDT_EXECT_SEQ
Sequence SIE_13_CONDT_PILTB_SEQ
Sequence SIE_13_DOSR_VIRTL_SEQ
Sequence SIE_13_EMPLA_DOSR_VIRTL_SEQ
Sequence SIE_13_EXPOR_APLIC_SEQ
Sequence SIE_13_EXPOR_PAGE_SEQ
Sequence SIE_13_FORMT_RESRC_SEQ
Sequence SIE_13_INSTA_PREFR_SEQ
Sequence SIE_13_ITEM_MENU_SEQ
Sequence SIE_13_LIEN_CONDT_PILTB_SEQ
Sequence SIE_13_LIEN_GROUP_OPERT_SEQ
Sequence SIE_13_LIEN_LECTR_SEULE_SEQ
Sequence SIE_13_LISTE_NAVGT_SEQ
Sequence SIE_13_MENU_SEQ
Sequence SIE_13_MIME_TYPE_SEQ
Sequence SIE_13_MODL_DOCMN_SEQ
Sequence SIE_13_MODL_ELEMN_DOCMN_SEQ
Sequence SIE_13_MODL_ELEMN_PARMT_SEQ
Sequence SIE_13_MODL_ELEMN_SEQ
Sequence SIE_13_MODL_EXCPT_DOCMN_SEQ
Sequence SIE_13_MODL_EXCPT_SEQ
Sequence SIE_13_MODL_SEQ
Sequence SIE_13_M_E_PARMT_DOCMN_SEQ
Sequence SIE_13_NAVGT_ELEMN_SEQ
Sequence SIE_13_NAVGT_SEQ
Sequence SIE_13_OCURN_RESRC_SEQ
Sequence SIE_13_OPERT_OPTIO_SEQ
Sequence SIE_13_OPERT_SEQ
Sequence SIE_13_PAGE_IR_COLN_SEQ
Sequence SIE_13_PAGE_IR_SEQ
Sequence SIE_13_PAGE_ITEM_LANG_SEQ
Sequence SIE_13_PAGE_ITEM_SEQ
Sequence SIE_13_PAGE_LANG_SEQ
Sequence SIE_13_PAGE_PREFR_NAVGT_SEQ
Sequence SIE_13_PAGE_REGN_SEQ
Sequence SIE_13_PAGE_SEQ
Sequence SIE_13_PARMT_ITEM_MENU_SEQ
Sequence SIE_13_PREFR_SEQ
Sequence SIE_13_REGN_PILTB_LANG_SEQ
Sequence SIE_13_REGN_PILTB_SEQ
Sequence SIE_13_RESRC_SEQ
Sequence SIE_13_TYPE_FICHR_SEQ
Sequence SIE_13_TYPE_ITEM_MENU_SEQ
Sequence SIE_13_VERSN_MODL_SEQ
Sequence SIE_14_DETL_DOMN_VALR_SEQ
Sequence SIE_14_DOMN_VALR_SEQ
Sequence SIE_14_FORMT_SEQ
Sequence SIE_14_POPUP_LOV_IR_FILTR_SEQ
Sequence SIE_14_POPUP_LOV_IR_RETR_SEQ
Sequence SIE_14_POPUP_LOV_IR_SEQ
Sequence SIE_14_TYPE_DOMN_VALR_SEQ
Sequence SIE_17_ATACH_COURL_ENTRA_SEQ
Sequence SIE_17_COMPT_AXIAT_SEQ
Sequence SIE_17_COMPT_TWILI_SEQ
Sequence SIE_17_COURL_ENTRA_SEQ
Sequence SIE_17_FIL_ATENT_DESTN_SEQ
Sequence SIE_17_FIL_ATENT_SEQ
Sequence SIE_17_PIECE_TELCP_AXIAT_SEQ
Sequence SIE_17_PROFL_COURL_SEQ
Sequence SIE_17_PROPR_COURL_ENTRA_SEQ
Sequence SIE_17_SMS_TWILI_ENTRA_SEQ
Sequence SIE_17_SMS_TWILI_SEQ
Sequence SIE_17_TELCP_AXIAT_SEQ
Sequence SIE_19_BOUTN_SEQ
Sequence SIE_19_CLE_SEQ
Sequence SIE_19_DISPN_FONCT_SEQ
Sequence SIE_19_FONCT_LANG_SEQ
Sequence SIE_19_FONCT_SEQ
Sequence SIE_19_SPECF_FONCT_SEQ
Sequence SIE_20_DEPLM_SEQ
Sequence SIE_20_DETL_DOCMN_SEQ
Sequence SIE_20_DOCMN_SEQ
Sequence SIE_20_MODL_EXCEP_SEQ
Sequence SIE_20_MODL_PARMT_SEQ
Sequence SIE_20_MODL_SEQ
Sequence SIE_20_RSS_CHANL_SEQ
Sequence SIE_20_RSS_ITEM_SEQ
Sequence SIE_20_SECTN_DOCMN_SEQ
Sequence SIE_21_PLUGN_ARBRE_NOEUD_SEQ
Sequence SIE_21_PLUGN_ARBRE_SEQ
Sequence SIE_21_PLUGN_CALND_COULR_SEQ
Sequence SIE_21_PLUGN_CALND_SEQ
Sequence SIE_21_PLUGN_CALND_TYPE_SEQ
Sequence SIE_21_PLUGN_ITEM_MENU_SEQ
Sequence SIE_21_PLUGN_MENU_SEQ
Sequence SIE_23_APLIC_MODL_RECHR_SEQ
Sequence SIE_23_DETL_RESLT_RECHR_SEQ
Sequence SIE_23_D_APLIC_MODL_RECHR_SEQ
Sequence SIE_23_ENONC_RECHR_SEQ
Sequence SIE_23_MODL_RECHR_SEQ
Sequence SIE_23_PATRN_RECHR_SEQ
Sequence SIE_23_RECHR_SEQ
Sequence SIE_23_RESLT_RECHR_SEQ
Sequence SIE_25_CHAMP_PUBLC_TRAVL_SEQ
Sequence SIE_25_CHAMP_SEQ
Sequence SIE_25_DOMN_TYPE_PUBLC_SEQ
Sequence SIE_25_ELEMN_CONFG_PUBLC_SEQ
Sequence SIE_25_ENGIN_PUBLC_SEQ
Sequence SIE_25_ENGIN_SEQ
Sequence SIE_25_ENGIN_VERSN_PUBLC_SEQ
Sequence SIE_25_GROUP_PUBLC_SEQ
Sequence SIE_25_JOURN_TRAVL_EXECT_SEQ
Sequence SIE_25_OCURN_PARMT_PUB_TRA_SEQ
Sequence SIE_25_PARMT_PUBLC_TRAVL_E_SEQ
Sequence SIE_25_PARMT_PUBLC_TRAVL_SEQ
Sequence SIE_25_PARMT_TYPE_PUBLC_SEQ
Sequence SIE_25_PUBLC_SEQ
Sequence SIE_25_PUBLC_TRAVL_SEQ
Sequence SIE_25_TRAVL_SEQ
Sequence SIE_25_TYPE_PUBLC_SEQ
Sequence SIE_25_TYPE_TRAVL_SEQ
Sequence SIE_25_VALR_CHAMP_SEQ
Sequence SIE_25_VALR_ELEMN_CONFG_SEQ
Sequence SIE_25_VERSN_PUBLC_SEQ
Sequence SIE_26_ELEMN_ETUDE_IMPAC_SEQ
Sequence SIE_26_ELEMN_ETUDE_IMPA_BD_SEQ
Sequence SIE_26_ETUDE_IMPAC_SEQ
Sequence SIE_29_CONTR_SEQ
Sequence SIE_30_AFECT_ITEM_SEQ
Sequence SIE_30_CARNT_PRODT_SEQ
Sequence SIE_30_CARNT_SPRIN_SEQ
Sequence SIE_30_CARNT_SYSTM_SEQ
Sequence SIE_30_CAS_UTILS_SEQ
Sequence SIE_30_EFORT_ITEM_SEQ
Sequence SIE_30_HISTR_EFORT_RESTN_SEQ
Sequence SIE_30_ITEM_CARNT_PRODT_SEQ
Sequence SIE_30_ITEM_CARNT_SPRIN_SEQ
Sequence SIE_30_PAGE_ITEM_SEQ
Sequence SIE_30_PAGE_SEQ
SP2-0734: unknown command beginning "﻿SET DEFIN..." - rest of line ignored.
View SIE_29_AQ_APEX_ALIGN_RAPRT

Warning: View created with compilation errors.

View SIE_29_AQ_APEX_APLIC_RACRC_DCM

Warning: View created with compilation errors.

View SIE_29_AQ_APEX_ITEM_CACHE

Warning: View created with compilation errors.

View SIE_29_AQ_APEX_ITEM_MAUVS_REGN

Warning: View created with compilation errors.

View SIE_29_AQ_APEX_PAGE_AUTOR

Warning: View created with compilation errors.

View SIE_29_AQ_APEX_PAGE_SANS_AUTOR

Warning: View created with compilation errors.

View SIE_29_AQ_BOUTN_DML_SANS_AUTOR

Warning: View created with compilation errors.

View SIE_29_AQ_RAPRT_MESG_AUCUN_DON

Warning: View created with compilation errors.

View SIE_29_AQ_RAPRT_MESG_TROP_DON

Warning: View created with compilation errors.

View VDF_SIE_12_MEMBR_STRUC

Warning: View created with compilation errors.

View VD_I_SIE_01_ATRIB_MODL_COMNC
View VD_I_SIE_01_CODE_ERR_ORACL
View VD_I_SIE_01_CONFG_EVENM_NOTFB
View VD_I_SIE_01_DESTN
View VD_I_SIE_01_DESTN_CONFG_EN
View VD_I_SIE_01_ELEMN_CONFG_EN
View VD_I_SIE_01_EVENM_NOTFB
View VD_I_SIE_01_HIERC_APLIC
View VD_I_SIE_01_LANG
View VD_I_SIE_01_LANG_LANG
View VD_I_SIE_01_MESG
View VD_I_SIE_01_MESG_ERR_LIE
View VD_I_SIE_01_MESG_INFOR
View VD_I_SIE_01_MESG_LANG
View VD_I_SIE_01_MESG_TRADC_APEX
View VD_I_SIE_01_MODL_AFICH_NOTFC
View VD_I_SIE_01_MODL_COMNC
View VD_I_SIE_01_MODL_MESG_NOTFC
View VD_I_SIE_01_NOTFC
View VD_I_SIE_01_OSA_EVENM_NOTFB
View VD_I_SIE_01_RESLT_DESTN
View VD_I_SIE_01_TYPE_COMNC
View VD_I_SIE_03_CLAS_INTER
View VD_I_SIE_03_JOURN
View VD_I_SIE_03_JOURN_STRUC_APLIC
View VD_I_SIE_03_LIEN_CLAS_INTER_UT
View VD_I_SIE_04_CONTX
View VD_I_SIE_04_CONTX_ETEND
View VD_I_SIE_04_FIL_ARIAN
View VD_I_SIE_04_FIL_ARIAN_HISTR
View VD_I_SIE_04_NAVGT_HISTR
View VD_I_SIE_07_AUDIT_STRUC_APLIC
View VD_I_SIE_07_ETAT_SESN
View VD_I_SIE_07_INSTA_SEMPH
View VD_I_SIE_07_SEMPH
View VD_I_SIE_07_VALR_AUDIT_STR_APL
View VD_I_SIE_11_APLIC
View VD_I_SIE_11_ATRIB_ENTIT
View VD_I_SIE_11_ENTIT
View VD_I_SIE_11_PARMT_AFW
View VD_I_SIE_11_PLUGN
View VD_I_SIE_11_PRODT
View VD_I_SIE_11_PRODT_LANG
View VD_I_SIE_11_PRODT_RESRC
View VD_I_SIE_11_UTILS
View VD_I_SIE_11_VERSN
View VD_I_SIE_12_ACTIO_AUDIT
View VD_I_SIE_12_ARBRE
View VD_I_SIE_12_ARBRE_NOEUD
View VD_I_SIE_12_ATRIB_STRUC_APLIC
View VD_I_SIE_12_COMPT_PAYPL
View VD_I_SIE_12_DEFNT_ACCES
View VD_I_SIE_12_DETL_FORML
View VD_I_SIE_12_DOMN
View VD_I_SIE_12_DOMN_FONCT
View VD_I_SIE_12_DOMN_UTILS
View VD_I_SIE_12_EVOLT_STAT
View VD_I_SIE_12_FAVR
View VD_I_SIE_12_FONCT
View VD_I_SIE_12_FONCT_STRUC_APLIC
View VD_I_SIE_12_FORML
View VD_I_SIE_12_GROUP_STAT
View VD_I_SIE_12_GROUP_UTILS
View VD_I_SIE_12_G_U_OPERT_OPT_DOM
View VD_I_SIE_12_HISTR_ACCES
View VD_I_SIE_12_LIEN_GROUP_UTILS
View VD_I_SIE_12_LIEN_STRUC
View VD_I_SIE_12_MEMBR_STRUC
View VD_I_SIE_12_PAYPL_RETR_APLIC
View VD_I_SIE_12_REPNS_FORML
View VD_I_SIE_12_REQT_INTER_UTILS
View VD_I_SIE_12_SESN
View VD_I_SIE_12_STAT
View VD_I_SIE_12_STRUC_ADMIN
View VD_I_SIE_12_STRUC_APLIC
View VD_I_SIE_12_STRUC_APLIC_DESTN
View VD_I_SIE_12_STRUC_APLIC_LANG
View VD_I_SIE_12_STRUC_APLIC_SUIVI
View VD_I_SIE_12_TYPE_STRUC
View VD_I_SIE_12_UTILS
View VD_I_SIE_13_CONDT_EXECT
View VD_I_SIE_13_CONDT_PILTB
View VD_I_SIE_13_DOSR_VIRTL
View VD_I_SIE_13_EMPLA_DOSR_VIRTL
View VD_I_SIE_13_EXPOR_APLIC
View VD_I_SIE_13_EXPOR_PAGE
View VD_I_SIE_13_FORMT_RESRC
View VD_I_SIE_13_INSTA_PREFR
View VD_I_SIE_13_ITEM_MENU
View VD_I_SIE_13_LIEN_CONDT_PILTB
View VD_I_SIE_13_LISTE_NAVGT
View VD_I_SIE_13_MENU
View VD_I_SIE_13_MIME_TYPE
View VD_I_SIE_13_NAVGT
View VD_I_SIE_13_NAVGT_ELEMN
View VD_I_SIE_13_OCURN_RESRC
View VD_I_SIE_13_OPERT
View VD_I_SIE_13_OPERT_OPTIO
View VD_I_SIE_13_PAGE
View VD_I_SIE_13_PAGE_IR
View VD_I_SIE_13_PAGE_IR_COLN
View VD_I_SIE_13_PAGE_ITEM
View VD_I_SIE_13_PAGE_ITEM_LANG
View VD_I_SIE_13_PAGE_LANG
View VD_I_SIE_13_PAGE_PREFR_NAVGT
View VD_I_SIE_13_PREFR
View VD_I_SIE_13_REGN_PILTB
View VD_I_SIE_13_REGN_PILTB_LANG
View VD_I_SIE_13_RESRC
View VD_I_SIE_13_TYPE_FICHR
View VD_I_SIE_14_DETL_DOMN_VALR
View VD_I_SIE_14_DOMN_VALR
View VD_I_SIE_14_FORMT
View VD_I_SIE_14_TYPE_DOMN_VALR
View VD_I_SIE_17_COMPT_AXIAT
View VD_I_SIE_17_COMPT_TWILI
View VD_I_SIE_17_COURL
View VD_I_SIE_17_COURL_DESTN
View VD_I_SIE_17_COURL_PIECE_JOINT
View VD_I_SIE_17_PIECE_TELCP_AXIAT
View VD_I_SIE_17_PROFL_COURL
View VD_I_SIE_17_SMS_TWILI
View VD_I_SIE_17_SMS_TWILI_ENTRA
View VD_I_SIE_17_TELCP_AXIAT
View VD_I_SIE_19_BOUTN
View VD_I_SIE_19_CLE
View VD_I_SIE_19_DISPN_FONCT
View VD_I_SIE_19_FONCT
View VD_I_SIE_19_FONCT_LANG
View VD_I_SIE_19_SPECF_FONCT
View VD_I_SIE_20_DEPLM
View VD_I_SIE_20_DETL_DOCMN
View VD_I_SIE_20_DOCMN
View VD_I_SIE_20_MODL
View VD_I_SIE_20_MODL_EXCEP
View VD_I_SIE_20_MODL_PARMT
View VD_I_SIE_20_SECTN_DOCMN
View VD_I_SIE_21_PLUGN_ARBRE
View VD_I_SIE_21_PLUGN_ARBRE_NOEUD
View VD_I_SIE_21_PLUGN_CALND
View VD_I_SIE_21_PLUGN_CALND_COULR
View VD_I_SIE_21_PLUGN_CALND_TYPE
View VD_I_SIE_21_PLUGN_ITEM_MENU
View VD_I_SIE_21_PLUGN_MENU
View VD_I_SIE_23_APLIC_MODL_RECHR
View VD_I_SIE_23_DETL_APLIC_MODL_RE
View VD_I_SIE_23_DETL_RESLT_RECHR
View VD_I_SIE_23_ENONC_RECHR
View VD_I_SIE_23_MODL_RECHR
View VD_I_SIE_23_PATRN_RECHR
View VD_I_SIE_23_RECHR
View VD_I_SIE_23_RESLT_RECHR
View VD_I_SIE_25_CHAMP
View VD_I_SIE_25_DOMN_TYPE_PUBLC
View VD_I_SIE_25_ELEMN_CONFG_PUBLC
View VD_I_SIE_25_ENGIN
View VD_I_SIE_25_ENGIN_VERSN_PUBLC
View VD_I_SIE_25_GROUP_PUBLC
View VD_I_SIE_25_JOURN_TRAVL_EXECT
View VD_I_SIE_25_OCURN_PARMT_PUBLC
View VD_I_SIE_25_PARMT_PUBLC_TRAVL
View VD_I_SIE_25_PARMT_TYPE_PUBLC
View VD_I_SIE_25_PAR_PUB_TRA_EXECT
View VD_I_SIE_25_PUBLC
View VD_I_SIE_25_PUBLC_TRAVL
View VD_I_SIE_25_TRAVL
View VD_I_SIE_25_TYPE_PUBLC
View VD_I_SIE_25_TYPE_TRAVL
View VD_I_SIE_25_VALR_CHAMP
View VD_I_SIE_25_VALR_ELEMN_CONFG
View VD_I_SIE_25_VERSN_PUBLC
View VD_I_SIE_29_CONTR
View VD_I_SIE_29_RESLT_REQUT_AQ
View VD_I_SIE_30_AFECT_ITEM
View VD_I_SIE_30_CARNT_APLIC
View VD_I_SIE_30_CARNT_PRODT
View VD_I_SIE_30_CARNT_SPRIN
View VD_I_SIE_30_CAS_UTILS
View VD_I_SIE_30_EFORT_ITEM
View VD_I_SIE_30_HISTR_EFORT_RESTN
View VD_I_SIE_30_ITEM_CARNT_PRODT
View VD_I_SIE_30_ITEM_CARNT_SPRIN
View VD_I_SIE_30_PAGE
View VD_I_SIE_30_PAGE_ITEM
View VD_P12315_SIE_12_STAT
View VD_SIE_01_ATRIB_MODL_COMNC
View VD_SIE_01_CODE_ERR_ORACL
View VD_SIE_01_CONFG_EVENM_NOTFB
View VD_SIE_01_DESTN
View VD_SIE_01_DESTN_CONFG_EN

Warning: View created with compilation errors.

View VD_SIE_01_ELEMN_CONFG_EN

Warning: View created with compilation errors.

View VD_SIE_01_EVENM_NOTFB

Warning: View created with compilation errors.

View VD_SIE_01_HIERC_APLIC
View VD_SIE_01_LANG
View VD_SIE_01_LANG_LANG
View VD_SIE_01_MESG

Warning: View created with compilation errors.

View VD_SIE_01_MESG_AIDE

Warning: View created with compilation errors.

View VD_SIE_01_MESG_ERR_LIE
View VD_SIE_01_MESG_INFOR

Warning: View created with compilation errors.

View VD_SIE_01_MESG_LANG
View VD_SIE_01_MESG_TRADC_APEX
View VD_SIE_01_MODL_AFICH_NOTFC
View VD_SIE_01_MODL_COMNC
View VD_SIE_01_MODL_MESG_NOTFC
View VD_SIE_01_NOTFC
View VD_SIE_01_OSA_EVENM_NOTFB
View VD_SIE_01_RESLT_DESTN
View VD_SIE_01_TYPE_COMNC
View VD_SIE_03_CLAS_INTER
View VD_SIE_03_JOURN
View VD_SIE_03_JOURN_STRUC_APLIC
View VD_SIE_03_LIEN_CLAS_INTER_UTIL
View VD_SIE_04_CONTX
View VD_SIE_04_CONTX_ETEND
View VD_SIE_04_FIL_ARIAN

Warning: View created with compilation errors.

View VD_SIE_04_NAVGT_HISTR
View VD_SIE_07_AUDIT_STRUC_APLIC
View VD_SIE_07_VALR_AUDIT_STR_APL
View VD_SIE_11_APLIC

Warning: View created with compilation errors.

View VD_SIE_11_ATRIB_ENTIT
View VD_SIE_11_ENTIT
View VD_SIE_11_PARMT_AFW
View VD_SIE_11_PLUGN

Warning: View created with compilation errors.

View VD_SIE_11_PRODT

Warning: View created with compilation errors.

View VD_SIE_11_PRODT_LANG
View VD_SIE_11_PRODT_RESRC
View VD_SIE_11_UTILS
View VD_SIE_11_VERSN

Warning: View created with compilation errors.

View VD_SIE_12_ACTIO_AUDIT
View VD_SIE_12_ARBRE
View VD_SIE_12_ARBRE_NOEUD
View VD_SIE_12_ATRIB_STRUC_APLIC

Warning: View created with compilation errors.

View VD_SIE_12_COMPT_PAYPL
View VD_SIE_12_DEFNT_ACCES

Warning: View created with compilation errors.

View VD_SIE_12_DETL_FORML
View VD_SIE_12_DOMN
View VD_SIE_12_DOMN_FONCT

Warning: View created with compilation errors.

View VD_SIE_12_DOMN_UTILS

Warning: View created with compilation errors.

View VD_SIE_12_EVOLT_STAT
View VD_SIE_12_FAVR
View VD_SIE_12_FONCT

Warning: View created with compilation errors.

View VD_SIE_12_FONCT_STRUC_APLIC

Warning: View created with compilation errors.

View VD_SIE_12_FORML
View VD_SIE_12_GROUP_STAT
View VD_SIE_12_GROUP_UTILS

Warning: View created with compilation errors.

View VD_SIE_12_GR_UT_OPERT_OPT_DOM

Warning: View created with compilation errors.

View VD_SIE_12_HISTR_ACCES

Warning: View created with compilation errors.

View VD_SIE_12_LIEN_GROUP_UTILS

Warning: View created with compilation errors.

View VD_SIE_12_LIEN_STRUC
View VD_SIE_12_MEMBR_STRUC
View VD_SIE_12_PAYPL_RETR_APLIC
View VD_SIE_12_REPNS_FORML
View VD_SIE_12_REQT_INTER_UTILS

Warning: View created with compilation errors.

View VD_SIE_12_SESN
View VD_SIE_12_STAT
View VD_SIE_12_STRUC_ADMIN
View VD_SIE_12_STRUC_APLIC
View VD_SIE_12_STRUC_APLIC_DESTN
View VD_SIE_12_STRUC_APLIC_LANG
View VD_SIE_12_TYPE_STRUC
View VD_SIE_12_UTILS
View VD_SIE_13_CONDT_EXECT
View VD_SIE_13_CONDT_PILTB
View VD_SIE_13_DOSR_VIRTL
View VD_SIE_13_EMPLA_DOSR_VIRTL
View VD_SIE_13_EXPOR_APLIC

Warning: View created with compilation errors.

View VD_SIE_13_EXPOR_PAGE

Warning: View created with compilation errors.

View VD_SIE_13_FORMT_RESRC
View VD_SIE_13_INSTA_PREFR
View VD_SIE_13_ITEM_MENU

Warning: View created with compilation errors.

View VD_SIE_13_LIEN_CONDT_PILTB
View VD_SIE_13_LISTE_NAVGT
View VD_SIE_13_MENU
View VD_SIE_13_MIME_TYPE
View VD_SIE_13_NAVGT

Warning: View created with compilation errors.

View VD_SIE_13_NAVGT_ELEMN

Warning: View created with compilation errors.

View VD_SIE_13_OCURN_RESRC

Warning: View created with compilation errors.

View VD_SIE_13_OPERT
View VD_SIE_13_OPERT_OPTIO
View VD_SIE_13_PAGE

Warning: View created with compilation errors.

View VD_SIE_13_PAGE_IR

Warning: View created with compilation errors.

View VD_SIE_13_PAGE_IR_COLN
View VD_SIE_13_PAGE_ITEM
View VD_SIE_13_PAGE_ITEM_LANG
View VD_SIE_13_PAGE_LANG
View VD_SIE_13_PAGE_PREFR_NAVGT

Warning: View created with compilation errors.

View VD_SIE_13_PREFR

Warning: View created with compilation errors.

View VD_SIE_13_REGN_PILTB

Warning: View created with compilation errors.

View VD_SIE_13_REGN_PILTB_LANG
View VD_SIE_13_RESRC

Warning: View created with compilation errors.

View VD_SIE_13_TYPE_FICHR
View VD_SIE_14_DETL_DOMN_VALR
View VD_SIE_14_DOMN_VALR

Warning: View created with compilation errors.

View VD_SIE_14_FORMT
View VD_SIE_14_TYPE_DOMN_VALR
View VD_SIE_17_COMPT_AXIAT
View VD_SIE_17_COMPT_TWILI
View VD_SIE_17_COURL
View VD_SIE_17_COURL_DESTN
View VD_SIE_17_PIECE_TELCP_AXIAT
View VD_SIE_17_PROFL_COURL
View VD_SIE_17_SMS_TWILI
View VD_SIE_17_SMS_TWILI_ENTRA
View VD_SIE_17_TELCP_AXIAT
View VD_SIE_19_BOUTN

Warning: View created with compilation errors.

View VD_SIE_19_CLE
View VD_SIE_19_DISPN_FONCT
View VD_SIE_19_FONCT

Warning: View created with compilation errors.

View VD_SIE_19_FONCT_LANG

Warning: View created with compilation errors.

View VD_SIE_19_SPECF_FONCT
View VD_SIE_20_DEPLM
View VD_SIE_20_DETL_DOCMN

Warning: View created with compilation errors.

View VD_SIE_20_DOCMN

Warning: View created with compilation errors.

View VD_SIE_20_MODL

Warning: View created with compilation errors.

View VD_SIE_20_MODL_EXCEP
View VD_SIE_20_MODL_PARMT

Warning: View created with compilation errors.

View VD_SIE_20_SECTN_DOCMN

Warning: View created with compilation errors.

View VD_SIE_21_PLUGN_ARBRE
View VD_SIE_21_PLUGN_ARBRE_NOEUD
View VD_SIE_21_PLUGN_CALND

Warning: View created with compilation errors.

View VD_SIE_21_PLUGN_CALND_COULR
View VD_SIE_21_PLUGN_CALND_TYPE
View VD_SIE_21_PLUGN_ITEM_MENU

Warning: View created with compilation errors.

View VD_SIE_21_PLUGN_MENU

Warning: View created with compilation errors.

View VD_SIE_23_APLIC_MODL_RECHR

Warning: View created with compilation errors.

View VD_SIE_23_DETL_APLIC_MODL_RE

Warning: View created with compilation errors.

View VD_SIE_23_DETL_RESLT_RECHR
View VD_SIE_23_ENONC_RECHR
View VD_SIE_23_MODL_RECHR
View VD_SIE_23_PATRN_RECHR
View VD_SIE_23_RECHR

Warning: View created with compilation errors.

View VD_SIE_23_RESLT_RECHR
View VD_SIE_25_CHAMP
View VD_SIE_25_DOMN_TYPE_PUBLC
View VD_SIE_25_ELEMN_CONFG_PUBLC
View VD_SIE_25_ENGIN

Warning: View created with compilation errors.

View VD_SIE_25_ENGIN_VERSN_PUBLC

Warning: View created with compilation errors.

View VD_SIE_25_GROUP_PUBLC
View VD_SIE_25_JOURN_TRAVL_EXECT
View VD_SIE_25_OCURN_PARMT_PUBLC
View VD_SIE_25_PARMT_PUBLC_TRAVL
View VD_SIE_25_PARMT_TYPE_PUBLC
View VD_SIE_25_PAR_PUB_TRA_EXECT
View VD_SIE_25_PUBLC

Warning: View created with compilation errors.

View VD_SIE_25_PUBLC_TRAVL
View VD_SIE_25_TRAVL
View VD_SIE_25_TYPE_PUBLC
View VD_SIE_25_TYPE_TRAVL
View VD_SIE_25_VALR_CHAMP
View VD_SIE_25_VALR_ELEMN_CONFG
View VD_SIE_25_VERSN_PUBLC
View VD_SIE_29_CONTR
View VD_SIE_30_AFECT_ITEM
View VD_SIE_30_CARNT_SPRIN
View VD_SIE_30_CAS_UTILS
View VD_SIE_30_EFORT_ITEM
View VD_SIE_30_HISTR_EFORT_RESTN
View VD_SIE_30_ITEM_CARNT_PRODT
View VD_SIE_30_ITEM_CARNT_SPRIN
View VD_SIE_30_PAGE
View VD_SIE_30_PAGE_ITEM
View VS_GROUP_LIE_OPERT_VERFC

Warning: View created with compilation errors.

View VS_GROUP_LIE_UTILS_CONCT

Warning: View created with compilation errors.

View VS_IX_LOV_UTILS_STRUC_APLIC_01

Warning: View created with compilation errors.

View VS_OPTIO_ENTET_CALND
View VS_SIE_01_COLN_TABLE
View VS_SIE_01_CONTR
View VS_SIE_01_TABLE
View VS_SIE_07_CONDT_APEX

Warning: View created with compilation errors.

View VS_SIE_13_PAGE
View VS_SIE_13_SEQNC_IR_COURN

Warning: View created with compilation errors.

View VS_SIE_14_DOMN_VALR

Warning: View created with compilation errors.

View VS_SIE_20_DOCMN

Warning: View created with compilation errors.

View VS_SIE_20_MODL_ENFAN
View VS_SIE_20_MODL_PARNT
View VS_SIE_20_RAPRT_FCT_PRC

Warning: View created with compilation errors.

View VS_SIE_20_RAPRT_FCT_PRC_PARMT

Warning: View created with compilation errors.

View VS_SIE_20_RAPRT_PKG

Warning: View created with compilation errors.

View VS_SIE_23_SOMR_RESLT_RECHR
View VS_SIE_25_PAR_PUB_TRA_EXECT

Warning: View created with compilation errors.

View VS_STAT_PUBLC_TRAVL
View VS_VUE_DISPN_CALND
Trigger VD_SIE_01_MESG_AIDE_IOU_TRG

Warning: Trigger created with compilation errors.

SP2-0734: unknown command beginning "﻿SET DEFIN..." - rest of line ignored.
Procedure ETE

Warning: Procedure created with compilation errors.

Procedure ETE_B
Procedure OP
SP2-0734: unknown command beginning "﻿SET DEFIN..." - rest of line ignored.
Package SIE_01_DESTN_EVENM_NOTFB_PKG
Package SIE_01_DESTN_PKG
Package SIE_01_ELEMN_CONFG_EN_PKG
Package SIE_01_ERR_APEX_PKG
Package SIE_01_EVENM_NOTFB_CU_PKG
Package SIE_01_EVENM_NOTFB_PKG
Package SIE_01_GESTN_MESG_AIDE_PKG
Package SIE_01_GESTN_MESG_PKG

Warning: Package created with compilation errors.

Package SIE_01_HIERC_APLIC_PKG
Package SIE_01_JAVSC_PKG
Package SIE_01_LANG_PKG
Package SIE_01_MESG_TRADC_APEX_PKG
Package SIE_01_NOTFC_PKG
Package SIE_01_TYPE_COMNC_PKG
Package SIE_03_ENVOI_COURL_PKG

Warning: Package created with compilation errors.

Package SIE_03_JOURN_PKG
Package SIE_03_JOURN_UNITR_PKG
Package SIE_04_CONTX_PKG
Package SIE_04_FIL_ARIAN_PKG

Warning: Package created with compilation errors.

Package SIE_04_HISTR_NAVGT_PKG
Package SIE_05_FORML_NOYAU_PKG
Package SIE_06_RATIO_PKG
Package SIE_07_APEX_COLCT_PKG
Package SIE_07_CLOB_PKG
Package SIE_07_JAVSC_PKG
Package SIE_07_SEMPH_PKG
Package SIE_07_SESN_PKG

Warning: Package created with compilation errors.

Package SIE_07_SQL_NOYAU_PKG

Warning: Package created with compilation errors.

Package SIE_07_SQL_PKG
Package SIE_07_SQL_UTIL_PKG
Package SIE_07_UTIL_CHAIN_PKG
Package SIE_07_UTIL_COMPR_ZIP_PKG
Package SIE_07_UTIL_CU_PKG
Package SIE_07_UTIL_NOYAU_PKG
Package SIE_07_UTIL_PKG

Warning: Package created with compilation errors.

Package SIE_08_URL_PKG

Warning: Package created with compilation errors.

Package SIE_09_PILE_PKG
Package SIE_10_DBA_PKG
Package SIE_11_APLIC_PKG
Package SIE_11_AUTHE_APEX_PKG
Package SIE_11_INSTA_AFW_PKG
Package SIE_11_MIGRT_PKG
Package SIE_11_PARMT_AFW_PKG
Package SIE_11_PRODT_PKG
Package SIE_11_UTILS_PKG
Package SIE_11_VERSN_PKG
Package SIE_12_ARBRE_PKG
Package SIE_12_AUDIT_STRUC_APLIC_PKG
Package SIE_12_AUTHE_APEX_PKG

Warning: Package created with compilation errors.

Package SIE_12_CALND_PKG
Package SIE_12_DETL_FORML_PKG
Package SIE_12_DIALG_IFRAM_PKG

Warning: Package created with compilation errors.

Package SIE_12_DOMN_GROUP_UTILS_PKG
Package SIE_12_DOMN_PKG
Package SIE_12_FAVR_PKG
Package SIE_12_FONCT_PKG
Package SIE_12_FORML_PKG
Package SIE_12_GROUP_STAT_PKG
Package SIE_12_GROUP_UTILS_PKG

Warning: Package created with compilation errors.

Package SIE_12_MEMBR_STRUC_PKG
Package SIE_12_MENU_PKG
Package SIE_12_MOT_PASSE_PKG
Package SIE_12_REQT_INTER_UTILS_PKG
Package SIE_12_SECRT_PKG

Warning: Package created with compilation errors.

Package SIE_12_SESN_PKG
Package SIE_12_STAT_PKG
Package SIE_12_STRUC_APLIC_CU_PKG
Package SIE_12_STRUC_APLIC_PKG

Warning: Package created with compilation errors.

Package SIE_12_UTILS_PKG
Package SIE_13_CONDT_PILTB_PKG
Package SIE_13_MENU_PKG
Package SIE_13_MIME_TYPE_PKG
Package SIE_13_NAVGT_NOYAU_PKG
Package SIE_13_NAVGT_PKG
Package SIE_13_OPERT_PKG
Package SIE_13_PAGE_ITEM_PKG
Package SIE_13_PAGE_PKG
Package SIE_13_PAGE_PREFR_NAVGT_PKG
Package SIE_13_PREFR_PKG
Package SIE_13_RAPRT_INTER_CU_PKG
Package SIE_13_RAPRT_INTER_PKG
Package SIE_13_REGN_PILTB_PKG
Package SIE_13_RESRC_PKG
Package SIE_14_DOMN_VALR_CU_PKG
Package SIE_14_DOMN_VALR_PKG
Package SIE_14_FORMT_PKG
Package SIE_15_AJAX_PKG
Package SIE_15_FTP_NOYAU_PKG
Package SIE_15_FTP_PKG
Package SIE_15_HTP_PKG
Package SIE_16_LOV_NOYAU_PKG
Package SIE_16_LOV_PKG
Package SIE_16_VUE_PARMT_PKG
Package SIE_17_COURL_ENTRA_PKG
Package SIE_17_ENVOI_COURL_PKG
Package SIE_17_ENVOI_TELCP_AXIAT_PKG
Package SIE_17_NOTFC_SMS_TWILIO_PKG
Package SIE_17_PROFL_COURL_PKG
Package SIE_17_TRAVL_PKG
Package SIE_18_ITF_PKG
Package SIE_18_TABLR_FORM_PKG
Package SIE_19_BOUTN_PKG
Package SIE_19_CLE_PKG
Package SIE_19_FONCT_PKG
Package SIE_19_JAVSC_PKG
Package SIE_20_DOCMN_PKG
Package SIE_20_MODL_PKG
Package SIE_21_ACTIO_DYNMQ_PKG
Package SIE_21_AUTHE_PKG
Package SIE_21_AUTOR_PKG
Package SIE_21_ITEM_PKG
Package SIE_21_PLUGN_ARBRE_PKG
Package SIE_21_PLUGN_BLOB_PKG
Package SIE_21_PLUGN_CALND_COULR_PKG
Package SIE_21_PLUGN_CALND_PKG
Package SIE_21_PLUGN_CALND_TYPE_PKG
Package SIE_21_PLUGN_CONFR_SAUVG_PKG
Package SIE_21_PLUGN_DIALG_IFRAM_PKG
Package SIE_21_PLUGN_MENU_PKG
Package SIE_21_PROCS_PKG
Package SIE_21_REGN_PKG

Warning: Package created with compilation errors.

Package SIE_21_UTIL_PKG
Package SIE_22_GRAPH_FLASH_PKG
Package SIE_23_RECHR_PKG
Package SIE_25_APPEL_RAPRT_APEX_PKG
Package SIE_25_DOMN_TYPE_PUBLC_PKG
Package SIE_25_FORMT_IR_PKG
Package SIE_25_FUSN_PDF_PKG
Package SIE_25_JAVSC_PKG
Package SIE_25_PLPDF_EXPOR_IR_PKG

Warning: Package created with compilation errors.

Package SIE_25_PUBLC_IMEDT_PKG
Package SIE_25_PUBLC_NOYAU_PKG
Package SIE_25_PUBLC_PKG
Package SIE_25_RAPRT_INTER_EXPOR_PKG
Package SIE_25_TRAVL_PUBLC_PKG
Package SIE_25_TRI_ALTER_PKG
Package SIE_25_TYPE_PUBLC_PKG
Package SIE_25_TYPE_TRAVL_PKG
Package SIE_29_ASURN_QUALT_CORCT_PKG
Package SIE_29_ASURN_QUALT_PKG
Package Body SIE_01_DESTN_EVENM_NOTFB_PKG
Package Body SIE_01_DESTN_PKG
Package Body SIE_01_ELEMN_CONFG_EN_PKG
Package Body SIE_01_ERR_APEX_PKG
Package Body SIE_01_EVENM_NOTFB_CU_PKG
Package Body SIE_01_EVENM_NOTFB_PKG
Package Body SIE_01_GESTN_MESG_AIDE_PKG
Package Body SIE_01_GESTN_MESG_PKG
Package Body SIE_01_HIERC_APLIC_PKG
Package Body SIE_01_JAVSC_PKG
Package Body SIE_01_LANG_PKG
Package Body SIE_01_MESG_TRADC_APEX_PKG
Package Body SIE_01_NOTFC_PKG
Package Body SIE_01_TYPE_COMNC_PKG
Package Body SIE_03_ENVOI_COURL_PKG
Package Body SIE_03_JOURN_PKG
Package Body SIE_03_JOURN_UNITR_PKG
Package Body SIE_04_CONTX_PKG
Package Body SIE_04_FIL_ARIAN_PKG
Package Body SIE_04_HISTR_NAVGT_PKG
Package Body SIE_05_FORML_NOYAU_PKG
Package Body SIE_06_RATIO_PKG
Package Body SIE_07_APEX_COLCT_PKG
Package Body SIE_07_CLOB_PKG
Package Body SIE_07_JAVSC_PKG
Package Body SIE_07_SEMPH_PKG
Package Body SIE_07_SESN_PKG
Package Body SIE_07_SQL_NOYAU_PKG
Package Body SIE_07_SQL_PKG
Package Body SIE_07_SQL_UTIL_PKG
Package Body SIE_07_UTIL_CHAIN_PKG
Package Body SIE_07_UTIL_COMPR_ZIP_PKG
Package Body SIE_07_UTIL_CU_PKG
Package Body SIE_07_UTIL_NOYAU_PKG
Package Body SIE_07_UTIL_PKG
Package Body SIE_08_URL_PKG
Package Body SIE_09_PILE_PKG
Package Body SIE_10_DBA_PKG
Package Body SIE_11_APLIC_PKG
Package Body SIE_11_AUTHE_APEX_PKG
Package Body SIE_11_INSTA_AFW_PKG
Package Body SIE_11_MIGRT_PKG
Package Body SIE_11_PARMT_AFW_PKG
Package Body SIE_11_PRODT_PKG
Package Body SIE_11_UTILS_PKG
Package Body SIE_11_VERSN_PKG
Package Body SIE_12_ARBRE_PKG
Package Body SIE_12_AUDIT_STRUC_APLIC_PKG
Package Body SIE_12_AUTHE_APEX_PKG
Package Body SIE_12_CALND_PKG
Package Body SIE_12_DETL_FORML_PKG
Package Body SIE_12_DIALG_IFRAM_PKG
Package Body SIE_12_DOMN_GROUP_UTILS_PKG
Package Body SIE_12_DOMN_PKG
Package Body SIE_12_FAVR_PKG
Package Body SIE_12_FONCT_PKG
Package Body SIE_12_FORML_PKG
Package Body SIE_12_GROUP_STAT_PKG
Package Body SIE_12_GROUP_UTILS_PKG
Package Body SIE_12_MEMBR_STRUC_PKG
Package Body SIE_12_MENU_PKG
Package Body SIE_12_MOT_PASSE_PKG
Package Body SIE_12_REQT_INTER_UTILS_PKG
Package Body SIE_12_SECRT_PKG
Package Body SIE_12_SESN_PKG
Package Body SIE_12_STAT_PKG
Package Body SIE_12_STRUC_APLIC_CU_PKG
Package Body SIE_12_STRUC_APLIC_PKG
Package Body SIE_12_UTILS_PKG
Package Body SIE_13_CONDT_PILTB_PKG
Package Body SIE_13_MENU_PKG
Package Body SIE_13_MIME_TYPE_PKG
Package Body SIE_13_NAVGT_NOYAU_PKG
Package Body SIE_13_NAVGT_PKG
Package Body SIE_13_OPERT_PKG
Package Body SIE_13_PAGE_ITEM_PKG
Package Body SIE_13_PAGE_PKG
Package Body SIE_13_PAGE_PREFR_NAVGT_PKG
Package Body SIE_13_PREFR_PKG
Package Body SIE_13_RAPRT_INTER_CU_PKG
Package Body SIE_13_RAPRT_INTER_PKG
Package Body SIE_13_REGN_PILTB_PKG
Package Body SIE_13_RESRC_PKG
Package Body SIE_14_DOMN_VALR_CU_PKG
Package Body SIE_14_DOMN_VALR_PKG
Package Body SIE_14_FORMT_PKG
Package Body SIE_15_AJAX_PKG
Package Body SIE_15_FTP_NOYAU_PKG
Package Body SIE_15_FTP_PKG
Package Body SIE_15_HTP_PKG
Package Body SIE_16_LOV_NOYAU_PKG
Package Body SIE_16_LOV_PKG
Package Body SIE_16_VUE_PARMT_PKG
Package Body SIE_17_ENVOI_COURL_PKG
Package Body SIE_17_ENVOI_TELCP_AXIAT_PKG
Package Body SIE_17_NOTFC_SMS_TWILIO_PKG
Package Body SIE_17_PROFL_COURL_PKG
Package Body SIE_17_TRAVL_PKG
Package Body SIE_18_ITF_PKG
Package Body SIE_18_TABLR_FORM_PKG
Package Body SIE_19_BOUTN_PKG
Package Body SIE_19_CLE_PKG
Package Body SIE_19_FONCT_PKG
Package Body SIE_19_JAVSC_PKG
Package Body SIE_20_DOCMN_PKG
Package Body SIE_20_MODL_PKG
Package Body SIE_21_ACTIO_DYNMQ_PKG
Package Body SIE_21_AUTHE_PKG
Package Body SIE_21_AUTOR_PKG
Package Body SIE_21_ITEM_PKG
Package Body SIE_21_PLUGN_ARBRE_PKG
Package Body SIE_21_PLUGN_BLOB_PKG
Package Body SIE_21_PLUGN_CALND_COULR_PKG
Package Body SIE_21_PLUGN_CALND_PKG
Package Body SIE_21_PLUGN_CALND_TYPE_PKG
Package Body SIE_21_PLUGN_CONFR_SAUVG_PKG
Package Body SIE_21_PLUGN_DIALG_IFRAM_PKG
Package Body SIE_21_PLUGN_MENU_PKG
Package Body SIE_21_PROCS_PKG
Package Body SIE_21_REGN_PKG
Package Body SIE_21_UTIL_PKG
Package Body SIE_23_RECHR_PKG
Package Body SIE_25_APPEL_RAPRT_APEX_PKG
Package Body SIE_25_DOMN_TYPE_PUBLC_PKG
Package Body SIE_25_FORMT_IR_PKG
Package Body SIE_25_FUSN_PDF_PKG
Package Body SIE_25_JAVSC_PKG
Package Body SIE_25_PLPDF_EXPOR_IR_PKG

Warning: Package Body created with compilation errors.

Package Body SIE_25_PUBLC_IMEDT_PKG
Package Body SIE_25_PUBLC_NOYAU_PKG
Package Body SIE_25_PUBLC_PKG
Package Body SIE_25_RAPRT_INTER_EXPOR_PKG

Warning: Package Body created with compilation errors.

Package Body SIE_25_TRAVL_PUBLC_PKG

Warning: Package Body created with compilation errors.

Package Body SIE_25_TRI_ALTER_PKG
Package Body SIE_25_TYPE_PUBLC_PKG
Package Body SIE_25_TYPE_TRAVL_PKG
Package Body SIE_29_ASURN_QUALT_CORCT_PKG
Package Body SIE_29_ASURN_QUALT_PKG
SP2-0734: unknown command beginning "﻿SET DEFIN..." - rest of line ignored.
Trigger SIE_01_ATRIB_MODL_COMNC_BIU_T
Trigger SIE_01_CODE_ERR_ORACL_BIU_TRG
Trigger SIE_01_CONFG_EVENM_NOTFB_BIU_T
Trigger SIE_01_DESTN_BIU_TRG
Trigger SIE_01_DESTN_BI_99_TRG
Trigger SIE_01_DESTN_CONFG_EN_BIU_T
Trigger SIE_01_ELEMN_CONFG_EN_BIU_T
Trigger SIE_01_EVENM_NOTFB_BIU_TRG
Trigger SIE_01_EVENM_NOTFB_BI_99_TRG
Trigger SIE_01_HIERC_APLIC_BIU_TRG
Trigger SIE_01_HIERC_APLIC_BI_99_TRG
Trigger SIE_01_LANG_BIU_TRG
Trigger SIE_01_LANG_LANG_BIU_TRG
Trigger SIE_01_MESG_BIU_TRG
Trigger SIE_01_MESG_BI_99_TRG
Trigger SIE_01_MESG_ERR_LIE_BIU_TRG
Trigger SIE_01_MESG_ERR_LIE_BI_99_TRG
Trigger SIE_01_MESG_INFOR_BI_TRG
Trigger SIE_01_MESG_LANG_BIU_TRG
Trigger SIE_01_MESG_LANG_BI_99_TRG
Trigger SIE_01_MESG_TRADC_AP_BI_99_TRG
Trigger SIE_01_MESG_TR_APEX_ASU_TRG
Trigger SIE_01_MESG_TR_APEX_AU_TRG
Trigger SIE_01_MESG_TR_APEX_BSU_TRG
Trigger SIE_01_MESG_TR_APX_BIU_01_TRG
Trigger SIE_01_MODL_AFICH_NOT_BIU_TRG
Trigger SIE_01_MODL_COMNC_BIU_TRG
Trigger SIE_01_MODL_MESG_NOTFC_BIU_TRG
Trigger SIE_01_NOTFC_BIU_TRG
Trigger SIE_01_OCURN_SA_EN_BIU_TRG
Trigger SIE_01_RESLT_DESTN_BIU_TRG
Trigger SIE_01_RESLT_DESTN_BI_99_TRG
Trigger SIE_01_TYPE_COMNC_BIU_TRG
Trigger SIE_03_CLAS_INTER_BIU_TRG
Trigger SIE_03_JOURN_S_A_BIU_TRG
Trigger SIE_03_LIEN_CLAS_INT_U_BIU_TRG
Trigger SIE_03_TRACE_EXECT_BI
Trigger SIE_04_CONTX_BIU_TRG
Trigger SIE_04_CONTX_ETEND_BIU_TRG
Trigger SIE_04_FIL_ARIAN_BI_TRG
Trigger SIE_04_NAVGT_HISTR_BI_TRG
Trigger SIE_07_AUDIT_STR_APL_BIU_TRG
Trigger SIE_07_ETAT_SESN_BIU_TRG
Trigger SIE_07_ETAT_SESN_BSIU_TRG
Trigger SIE_07_INSTA_SEMPH_AD_TRG
Trigger SIE_07_INSTA_SEMPH_ASD_TRG
Trigger SIE_07_INSTA_SEMPH_BI_TRG
Trigger SIE_07_INSTA_SEMPH_BSD_TRG
Trigger SIE_07_SEMPH_BI_TRG
Trigger SIE_07_VALR_AUDIT_SA_BIU_TRG
Trigger SIE_11_APLIC_BIU_TRG
Trigger SIE_11_APLIC_BI_99_TRG
Trigger SIE_11_ATRIB_ENTIT_BIU_TRG
Trigger SIE_11_ATRIB_ENTIT_BI_99_TRG
Trigger SIE_11_ENTIT_BIU_TRG
Trigger SIE_11_ENTIT_BI_99_TRG
Trigger SIE_11_PARMT_AFW_BIU_01_TRG
Trigger SIE_11_PLUGN_BIU_TRG
Trigger SIE_11_PRODT_AI_TRG
Trigger SIE_11_PRODT_ASI_TRG
Trigger SIE_11_PRODT_BIU_TRG
Trigger SIE_11_PRODT_BSI_TRG
Trigger SIE_11_PRODT_LANG_BIU_TRG
Trigger SIE_11_PRODT_RESRC_BIU_TRG
Trigger SIE_11_UTILS_BIU_TRG
Trigger SIE_11_VERSN_BIU_TRG
Trigger SIE_11_VERSN_BI_98_TRG
Trigger SIE_11_VERSN_BI_99_TRG
Trigger SIE_12_ACTIO_AUDIT_BIU_TRG
Trigger SIE_12_ACTIO_AUDIT_BI_99_TRG
Trigger SIE_12_ARBRE_BIU_TRG
Trigger SIE_12_ARBRE_NOEUD_BIU_TRG
Trigger SIE_12_ATRIB_STRUC_A_BI_99_TRG
Trigger SIE_12_ATRI_STRU_APLI_ASU_TRG
Trigger SIE_12_ATRI_STRU_APLI_AU_TRG
Trigger SIE_12_ATRI_STRU_APLI_BIU_TRG
Trigger SIE_12_ATRI_STRU_APLI_BSU_TRG
Trigger SIE_12_COMPT_PAYPL_BIU_TRG
Trigger SIE_12_DEFNT_ACCES_BIU_TRG
Trigger SIE_12_DEFNT_ACCES_BI_99_TRG
Trigger SIE_12_DETL_FORML_BIU_TRG
Trigger SIE_12_DOMN_AI_TRG
Trigger SIE_12_DOMN_ASI_TRG
Trigger SIE_12_DOMN_BIU_TRG
Trigger SIE_12_DOMN_BSI_TRG
Trigger SIE_12_DOMN_FONCT_BIU_01_TRG
Trigger SIE_12_DOMN_UTILS_AIU_TRG
Trigger SIE_12_DOMN_UTILS_ASIU_TRG
Trigger SIE_12_DOMN_UTILS_BIU_TRG
Trigger SIE_12_DOMN_UTILS_BSIU_TRG
Trigger SIE_12_EVOLT_STAT_BIU_01_TRG
Trigger SIE_12_EVOLT_STAT_BI_99_TRG
Trigger SIE_12_FAVR_BIUD_TRG
Trigger SIE_12_FONCT_BIU_01_TRG
Trigger SIE_12_FONCT_BI_99_TRG
Trigger SIE_12_FONCT_STR_AP_BI_99_TRG
Trigger SIE_12_FONC_STR_AP_BIU_01_TRG
Trigger SIE_12_FORML_BIU_TRG
Trigger SIE_12_GROUP_STAT_BIU_01_TRG
Trigger SIE_12_GROUP_STAT_BI_99_TRG
Trigger SIE_12_GROUP_UTILS_BIU_TRG
Trigger SIE_12_GROUP_UTILS_BI_99_TRG
Trigger SIE_12_G_U_OPR_O_D_BIU_01_TRG
Trigger SIE_12_HISTR_ACCES_BIU_TRG
Trigger SIE_12_LIEN_GROUP_UTIL_BIU_TRG
Trigger SIE_12_LIEN_GROUP_UT_BI_99_TRG
Trigger SIE_12_LIEN_STRUC_BIU_TRG
Trigger SIE_12_MEMBR_STRUC_BIU_TRG
Trigger SIE_12_PAYPL_RETR_APLI_BIU_TRG
Trigger SIE_12_REPNS_FORML_BIU_TRG
Trigger SIE_12_REQT_INTER_UTIL_BIU_TRG
Trigger SIE_12_SESN_BI_TRG
Trigger SIE_12_STAT_BIU_01_TRG
Trigger SIE_12_STAT_BI_99_TRG
Trigger SIE_12_STRUC_APLIC_BIU_TRG
Trigger SIE_12_STRUC_APLIC_BI_99_TRG
Trigger SIE_12_STRUC_APLIC_DESTN_BIU_T
Trigger SIE_12_STRUC_APLIC_LAN_BIU_TRG
Trigger SIE_12_STRUC_APLIC_L_BI_99_TRG
Trigger SIE_12_STRUC_BIU_TRG
Trigger SIE_12_TYPE_STRUC_BIU_TRG
Trigger SIE_12_UTILS_BIUD_TRG
Trigger SIE_13_CONDT_EXECT_BIU_TRG
Trigger SIE_13_CONDT_PILTB_AI_TRG
Trigger SIE_13_CONDT_PILTB_BIU_TRG
Trigger SIE_13_CONDT_PILTB_BI_98_TRG
Trigger SIE_13_DOSR_VIRTL_BIU_TRG
Trigger SIE_13_DOSR_VIRTL_BI_99_TRG
Trigger SIE_13_EMPLA_DOSR_VIRT_BIU_TRG
Trigger SIE_13_EMPLA_DOSR_VI_BI_99_TRG
Trigger SIE_13_EXPOR_APLIC_BI_TRG
Trigger SIE_13_EXPOR_PAGE_BI_TRG
Trigger SIE_13_FORMT_RESRC_BIU_TRG
Trigger SIE_13_FORMT_RESRC_BI_99_TRG
Trigger SIE_13_INSTA_PREFR_BIU_TRG
Trigger SIE_13_ITEM_MENU_BIU_TRG
Trigger SIE_13_ITEM_MENU_BI_99_TRG
Trigger SIE_13_LIEN_CONDT_PI_BI_98_TRG
Trigger SIE_13_LIEN_CP_BIU_TRG
Trigger SIE_13_LISTE_NAVGT_BIU_TRG
Trigger SIE_13_LISTE_NAVGT_BI_98_TRG
Trigger SIE_13_MENU_BIU_TRG
Trigger SIE_13_MENU_BI_99_TRG
Trigger SIE_13_MIME_TYPE_BIU_TRG
Trigger SIE_13_NAVGT_BIU_TRG
Trigger SIE_13_NAVGT_ELEMN_BIU_TRG
Trigger SIE_13_OCURN_RESRC_BIU_TRG
Trigger SIE_13_OCURN_RESRC_BI_99_TRG
Trigger SIE_13_OPERT_BIU_TRG
Trigger SIE_13_OPERT_BI_99_TRG
Trigger SIE_13_OPERT_OPTIO_BIU_01_TRG
Trigger SIE_13_OPERT_OPTIO_BI_99_TRG
Trigger SIE_13_PAGE_BIU_TRG
Trigger SIE_13_PAGE_BI_98_TRG
Trigger SIE_13_PAGE_IR_BIU_TRG
Trigger SIE_13_PAGE_IR_BI_98_TRG
Trigger SIE_13_PAGE_IR_COLN_BIU_TRG
Trigger SIE_13_PAGE_IR_COLN_BI_98_TRG
Trigger SIE_13_PAGE_ITEM_AI_TRG
Trigger SIE_13_PAGE_ITEM_BIU_TRG
Trigger SIE_13_PAGE_ITEM_BI_98_TRG
Trigger SIE_13_PAGE_ITEM_LANG_BIU_TRG
Trigger SIE_13_PAGE_ITEM_LAN_BI_98_TRG
Trigger SIE_13_PAGE_LANG_BIU_TRG
Trigger SIE_13_PAGE_LANG_BI_98_TRG
Trigger SIE_13_PAGE_PREFR_NAVG_BIU_TRG
Trigger SIE_13_PAGE_PREFR_NA_BI_98_TRG
Trigger SIE_13_PREFR_BIU_TRG
Trigger SIE_13_PREFR_BI_98_TRG
Trigger SIE_13_REGN_PILTB_AIUD_TRG
Trigger SIE_13_REGN_PILTB_ASIUD_TRG
Trigger SIE_13_REGN_PILTB_BIU_TRG
Trigger SIE_13_REGN_PILTB_BI_98_TRG
Trigger SIE_13_REGN_PILTB_BSIUD_TRG
Trigger SIE_13_REGN_PILTB_LANG_BIU_TRG
Trigger SIE_13_REGN_PILTB_LA_BI_98_TRG
Trigger SIE_13_RESRC_BIU_TRG
Trigger SIE_13_RESRC_BI_99_TRG
Trigger SIE_13_TYPE_FICHR_BIU_TRG
Trigger SIE_14_DETL_DOMN_VALR_BIU_TRG
Trigger SIE_14_DETL_DV_BI_99_TRG
Trigger SIE_14_DOMN_VALR_BIU_TRG
Trigger SIE_14_DOMN_VALR_BI_99_TRG
Trigger SIE_14_FORMT_BIU_TRG
Trigger SIE_14_FORMT_BI_98_TRG
Trigger SIE_14_TYPE_DOMN_VALR_BIU_TRG
Trigger SIE_14_TYPE_DV_BI_99_TRG
Trigger SIE_17_ATACH_COURL_ENT_BIU_TRG
Trigger SIE_17_COMPT_AXIAT_BIU_TRG
Trigger SIE_17_COMPT_TWILI_BIU_TRG
Trigger SIE_17_COURL_BIU_TRG
Trigger SIE_17_COURL_DESTN_BIU_TRG
Trigger SIE_17_COURL_ENTRA_BIU_TRG
Trigger SIE_17_PIECE_TELCP_BIU_TRG
Trigger SIE_17_PROFL_COURL_BIU_TRG
Trigger SIE_17_PROPR_COURL_ENT_BIU_TRG
Trigger SIE_17_SMS_TWILI_BIU_TRG
Trigger SIE_17_SMS_TWILI_ENTRA_BIU_TRG
Trigger SIE_17_TELCP_AXIAT_BIU_TRG
Trigger SIE_19_BOUTN_BIU_TRG
Trigger SIE_19_CLE_BIU_TRG
Trigger SIE_19_DISPN_FONCT_BIU_TRG
Trigger SIE_19_FONCT_LANG_BIU_TRG
Trigger SIE_19_SPECF_FONCT_BIU_TRG
Trigger SIE_20_DEPLM_BIU_TRG
Trigger SIE_20_DETL_DOCMN_BIU_TRG
Trigger SIE_20_DOCMN_BIU_TRG
Trigger SIE_20_MODL_BIU_TRG
Trigger SIE_20_MODL_EXCEP_BIU_TRG
Trigger SIE_20_MODL_PARMT_BIU_TRG
Trigger SIE_20_SECTN_DOCMN_BIU_TRG
Trigger SIE_21_PLUGN_ARBRE_BIU_TRG
Trigger SIE_21_PLUGN_ARBRE_BI_99_TRG
Trigger SIE_21_PLUGN_ARBRE_NOE_BIU_TRG
Trigger SIE_21_PLUGN_ARBRE_N_BI_99_TRG
Trigger SIE_21_PLUGN_CALND_BIU_TRG
Trigger SIE_21_PLUGN_CALND_BI_99_TRG
Trigger SIE_21_PLUGN_CALND_COU_BIU_TRG
Trigger SIE_21_PLUGN_CALND_TYP_BIU_TRG
Trigger SIE_21_PLUGN_ITEM_MENU_BIU_TRG
Trigger SIE_21_PLUGN_ITEM_ME_BI_99_TRG
Trigger SIE_21_PLUGN_MENU_BIU_TRG
Trigger SIE_21_PLUGN_MENU_BI_99_TRG
Trigger SIE_23_APLIC_M_R_BIU_TRG
Trigger SIE_23_DETL_RES_REC_BIU_TRG
Trigger SIE_23_D_APLIC_MOD_REC_BIU_TRG
Trigger SIE_23_ENONC_RECHR_BIU_TRG
Trigger SIE_23_MODL_RECHR_BIU_TRG
Trigger SIE_23_PATRN_RECHR_BIU_TRG
Trigger SIE_23_PATRN_RECHR_BI_99_TRG
Trigger SIE_23_RECHR_BIU_TRG
Trigger SIE_23_RESLT_RECHR_BIU_TRG
Trigger SIE_25_CHAMP_BIU_TRG
Trigger SIE_25_CHA_PUB_TRA_BIU_TRG
Trigger SIE_25_DOMN_TYPE_PUBLC_BIU_TRG
Trigger SIE_25_ELEMN_CONFG_PUB_BIU_TRG
Trigger SIE_25_ELEMN_CONFG_P_BI_99_TRG
Trigger SIE_25_ENGIN_BIU_TRG
Trigger SIE_25_ENGIN_VERSN_P_BI_99_TRG
Trigger SIE_25_ENGIN_VER_PUBLC_BIU_TRG
Trigger SIE_25_GROUP_PUBLC_BIU_TRG
Trigger SIE_25_JOURN_TRAVL_EXE_BIU_TRG
Trigger SIE_25_OCU_PAR_PUB_TRA_BIU_TRG
Trigger SIE_25_PARMT_PUBLC_TRA_BIU_TRG
Trigger SIE_25_PARMT_TYPE_PUBL_BIU_TRG
Trigger SIE_25_PARMT_TYPE_P_BI_99_TRG
Trigger SIE_25_PAR_PUB_TRA_EXE_BIU_TRG
Trigger SIE_25_PUBLC_BIU_TRG
Trigger SIE_25_PUBLC_BI_99_TRG
Trigger SIE_25_PUBLC_TRAVL_BIU_TRG
Trigger SIE_25_TRAVL_BIU_TRG
Trigger SIE_25_TYPE_PUBLC_AI_TRG
Trigger SIE_25_TYPE_PUBLC_BIU_TRG
Trigger SIE_25_TYPE_PUBLC_BI_99_TRG
Trigger SIE_25_TYPE_TRAVL_BIU_TRG
Trigger SIE_25_VALR_CHAMP_BIU_TRG
Trigger SIE_25_VALR_ELEMN_CONF_BIU_TRG
Trigger SIE_25_VERSN_PUBLC_BIU_TRG
Trigger SIE_25_VERSN_PUBLC_BI_99_TRG
Trigger SIE_29_CONTR_BIUD_TRG
Trigger SIE_30_AFECT_ITEM_BIU_TRG
Trigger SIE_30_CARNT_PRODT_BIU_TRG
Trigger SIE_30_CARNT_SPRIN_BIU_TRG
Trigger SIE_30_CARNT_SYSTM_BIU_TRG
Trigger SIE_30_CAS_UTILS_BIU_TRG
Trigger SIE_30_EFORT_ITEM_BIU_TRG
Trigger SIE_30_HISTR_EFORT_RES_BIU_TRG
Trigger SIE_30_ITEM_CARNT_PROD_BIU_TRG
Trigger SIE_30_ITEM_CARNT_SPRI_BIU_TRG
Trigger SIE_30_PAGE_BIU_TRG
Trigger SIE_30_PAGE_ITEM_BIU_TRG
Index SIE_01_ATRIB_MODL_COMNC_FK1
Index SIE_01_ATRIB_MODL_COMNC_PK
Index SIE_01_ATRIB_MODL_COMNC_UK1
Index SIE_01_CODE_ERR_ORCL_PK
Index SIE_01_CODE_ERR_ORCL_UK1
Index SIE_01_CONFG_EVENM_NOTFB_FK1
Index SIE_01_CONFG_EVENM_NOTFB_FK2
Index SIE_01_CONFG_EVENM_NOTFB_FK3
Index SIE_01_CONFG_EVENM_NOTFB_FK4
Index SIE_01_CONFG_EVENM_NOTFB_FK5
Index SIE_01_CONFG_EVENM_NOTFB_PK
Index SIE_01_DESTN_CONFG_EN_FK1
Index SIE_01_DESTN_CONFG_EN_FK2
Index SIE_01_DESTN_CONFG_EN_FK3
Index SIE_01_DESTN_CONFG_EN_PK
Index SIE_01_DESTN_CONFG_EVENM_FK4
Index SIE_01_DESTN_CONFG_EVENM_FK5
Index SIE_01_DESTN_CONFG_EVENM_FK6
Index SIE_01_DESTN_EVENM_NOTFB_PK
Index SIE_01_DESTN_FK2
Index SIE_01_ELEMN_CONFG_EN
Index SIE_01_ELEMN_CONFG_EN_FK1
Index SIE_01_EVENM_NOTFB_FK1
Index SIE_01_EVENM_NOTFB_PK
Index SIE_01_EVENM_NOTFB_UK1
Index SIE_01_LANG_LANG_FK1
Index SIE_01_LANG_LANG_FK2
Index SIE_01_LANG_LANG_PK
Index SIE_01_LANG_LANG_UK1
Index SIE_01_LANG_PK
Index SIE_01_LANG_UK1
Index SIE_01_MESG_ERR_LIE_FK2
Index SIE_01_MESG_ERR_LIE_FK3
Index SIE_01_MESG_ERR_LIE_PK
Index SIE_01_MESG_ERR_LIE_UK1
Index SIE_01_MESG_ERR_LIE_X1
Index SIE_01_MESG_ERR_LIE_X2
Index SIE_01_MESG_ERR_LIE_X3
Index SIE_01_MESG_ERR_LIE_X4
Index SIE_01_MESG_FK1
Index SIE_01_MESG_INFOR_FK1
Index SIE_01_MESG_INFOR_FK2
Index SIE_01_MESG_INFOR_FK3
Index SIE_01_MESG_LANG_FK1
Index SIE_01_MESG_LANG_FK2
Index SIE_01_MESG_LANG_PK
Index SIE_01_MESG_LANG_UK1
Index SIE_01_MESG_PK
Index SIE_01_MESG_TRADC_APEX_FK1
Index SIE_01_MESG_TRADC_APEX_PK
Index SIE_01_MESG_TRADC_APEX_UK1
Index SIE_01_MODL_AFICH_NOTFC_FK1
Index SIE_01_MODL_AFICH_NOTFC_FK2
Index SIE_01_MODL_AFICH_NOTFC_FK3
Index SIE_01_MODL_AFICH_NOTFC_FK5
Index SIE_01_MODL_AFICH_NOTFC_FK6
Index SIE_01_MODL_AFICH_NOTFC_PK
Index SIE_01_MODL_AFICH_NOTFC_UK1
Index SIE_01_MODL_COMNC_FK1
Index SIE_01_MODL_COMNC_PK
Index SIE_01_MODL_COMNC_UK1
Index SIE_01_MODL_MESG_NOTFC_FK1
Index SIE_01_MODL_MESG_NOTFC_PK
Index SIE_01_NOTFC_FK1
Index SIE_01_NOTFC_PK
Index SIE_01_NOTFC_UK1
Index SIE_01_NOTFC_UK2
Index SIE_01_OCURN_SA_EVENM_NOTF_FK2
Index SIE_01_OSA_EVENM_NOTFB_UK1
Index SIE_01_RESLT_DESTN_FK3
Index SIE_01_RESLT_DESTN_FK4
Index SIE_01_RESLT_DESTN_PK
Index SIE_01_RESLT_DESTN_UK1
Index SIE_01_TYPE_COMNC_PK
Index SIE_03_CLAS_INTER
Index SIE_03_CLAS_INTER_FK2
Index SIE_03_CLAS_INTER_UK1
Index SIE_03_JOURN_STRUC_APLIC_FK1
Index SIE_03_LIEN_CLAS_INTER_UTIL_PK
Index SIE_03_LIEN_CLAS_INTER_UTI_FK1
Index SIE_03_LIEN_CLAS_INTER_UTI_FK2
Index SIE_04_CONTX_ETEND_FK1
Index SIE_04_CONTX_ETEND_PK
Index SIE_04_CONTX_ETEND_UK1
Index SIE_04_CONTX_PK
Index SIE_04_FIL_ARIAN_FK1
Index SIE_04_FIL_ARIAN_FK2
Index SIE_04_FIL_ARIAN_FK3
Index SIE_04_FIL_ARIAN_IDX1
Index SIE_04_FIL_ARIAN_PK
Index SIE_04_NAVGT_HISTR_FK1
Index SIE_04_NAVGT_HISTR_PK
Index SIE_07_AUDIT_STRUC_APLIC_FK1
Index SIE_07_AUDIT_STRUC_APLIC_FK2
Index SIE_07_AUDIT_STRUC_APLIC_FK3
Index SIE_07_AUDIT_STRUC_APLIC_FK4
Index SIE_07_AUDIT_STRUC_APLIC_FK5
Index SIE_07_AUDIT_STRUC_APLIC_PK
Index SIE_07_ETAT_SESN_FK1
Index SIE_07_INSTA_SEMPH_FK1
Index SIE_07_INSTA_SEMPH_FK2
Index SIE_07_INSTA_SEMPH_PK
Index SIE_07_SEMPH_PK
Index SIE_07_SEMPH_UK1
Index SIE_07_VALR_AUDIT_SA_PK
Index SIE_07_VALR_AUDIT_SA_UK1
Index SIE_11_APLIC_FK1
Index SIE_11_APLIC_FK3
Index SIE_11_APLIC_FK4
Index SIE_11_APLIC_PK
Index SIE_11_APLIC_UK1
Index SIE_11_APLIC_UK2
Index SIE_11_ATRIB_ENTIT_FK2
Index SIE_11_ATRIB_ENTIT_PK
Index SIE_11_ATRIB_ENTIT_UK1
Index SIE_11_ENTIT_FK2
Index SIE_11_ENTIT_PK
Index SIE_11_ENTIT_UK1
Index SIE_11_PARMT_AFW_PK1
Index SIE_11_PARMT_AFW_UK1
Index SIE_11_PLUGN_FK1
Index SIE_11_PLUGN_PK
Index SIE_11_PLUGN_UK1
Index SIE_11_PRODT_FK1
Index SIE_11_PRODT_FK10
Index SIE_11_PRODT_FK11
Index SIE_11_PRODT_FK12
Index SIE_11_PRODT_FK13
Index SIE_11_PRODT_FK14
Index SIE_11_PRODT_FK15
Index SIE_11_PRODT_FK16
Index SIE_11_PRODT_FK3
Index SIE_11_PRODT_FK6
Index SIE_11_PRODT_FK7
Index SIE_11_PRODT_FK8
Index SIE_11_PRODT_FK9
Index SIE_11_PRODT_LANG_FK2
Index SIE_11_PRODT_LANG_PK
Index SIE_11_PRODT_LANG_UK1
Index SIE_11_PRODT_PK
Index SIE_11_PRODT_RESRC_FK2
Index SIE_11_PRODT_RESRC_FK3
Index SIE_11_PRODT_RESRC_PK
Index SIE_11_PRODT_RESRC_UK1
Index SIE_11_PRODT_UK1
Index SIE_11_UTILS_FK1
Index SIE_11_UTILS_FK2
Index SIE_11_UTILS_PK
Index SIE_11_VERSN_FK2
Index SIE_11_VERSN_FK90
Index SIE_11_VERSN_PK
Index SIE_11_VERSN_UK1
Index SIE_12_ACTIO_AUDIT_FK2
Index SIE_12_ACTIO_AUDIT_PK
Index SIE_12_ACTIO_AUDIT_UK1
Index SIE_12_ARBRE_FK2
Index SIE_12_ARBRE_NOEUD_FK1
Index SIE_12_ARBRE_NOEUD_PK
Index SIE_12_ARBRE_PK
Index SIE_12_ATRIB_STRUC_APLIC_FK1
Index SIE_12_ATRIB_STRUC_APLIC_FK2
Index SIE_12_ATRIB_STRUC_APLIC_FK3
Index SIE_12_ATRIB_STRUC_APLIC_PK
Index SIE_12_ATRIB_STRUC_APLIC_UK1
Index SIE_12_COMPT_PAYPL_PK
Index SIE_12_COMPT_PAYPL_UK1
Index SIE_12_DEFNT_ACCES_FK2
Index SIE_12_DEFNT_ACCES_FK4
Index SIE_12_DEFNT_ACCES_FK6
Index SIE_12_DEFNT_ACCES_FK7
Index SIE_12_DEFNT_ACCES_PK
Index SIE_12_DETL_FORML_PK
Index SIE_12_DETL_FORML_UK1
Index SIE_12_DOMN_FK1
Index SIE_12_DOMN_FK2
Index SIE_12_DOMN_FK4
Index SIE_12_DOMN_FK5
Index SIE_12_DOMN_FK6
Index SIE_12_DOMN_FONCT_PK
Index SIE_12_DOMN_FONCT_UK1
Index SIE_12_DOMN_PK
Index SIE_12_DOMN_UK1
Index SIE_12_DOMN_UTILS_FK1
Index SIE_12_DOMN_UTILS_FK2
Index SIE_12_DOMN_UTILS_PK
Index SIE_12_EVOLT_STAT_PK
Index SIE_12_EVOLT_STAT_UK1
Index SIE_12_FAVR_FK1
Index SIE_12_FAVR_FK2
Index SIE_12_FAVR_PK
Index SIE_12_FAVR_UK1
Index SIE_12_FONCT_PK
Index SIE_12_FONCT_STRUC_APLIC_PK
Index SIE_12_FONCT_STRUC_APLIC_UK1
Index SIE_12_FONCT_UK1
Index SIE_12_FORML_IDX1
Index SIE_12_FORML_PK
Index SIE_12_GROUP_STAT_PK
Index SIE_12_GROUP_STAT_UK1
Index SIE_12_GROUP_UTILS_FK2
Index SIE_12_GROUP_UTILS_FK3
Index SIE_12_GROUP_UTILS_PK
Index SIE_12_GROUP_UTILS_UK1
Index SIE_12_GU_OPER_OPT_DOMN_PK
Index SIE_12_GU_OPER_OPT_DOMN_UK1
Index SIE_12_HIERC_APLIC_FK2
Index SIE_12_HIERC_APLIC_PK
Index SIE_12_HIERC_APLIC_UK1
Index SIE_12_HISTR_ACCES_FK1
Index SIE_12_HISTR_ACCES_FK2
Index SIE_12_HISTR_ACCES_FK3
Index SIE_12_HISTR_ACCES_PK
Index SIE_12_LIEN_GROUP_UTILS_FK1
Index SIE_12_LIEN_GROUP_UTILS_FK2
Index SIE_12_LIEN_GROUP_UTILS_FK3
Index SIE_12_LIEN_GROUP_UTILS_PK
Index SIE_12_LIEN_STRUC_FK1
Index SIE_12_LIEN_STRUC_FK3
Index SIE_12_LIEN_STRUC_PK
Index SIE_12_MEMBR_STRUC_FK1
Index SIE_12_MEMBR_STRUC_FK2
Index SIE_12_MEMBR_STRUC_PK
Index SIE_12_PAYPL_RETR_APLIC_PK
Index SIE_12_PAYPL_RETR_APLIC_UK1
Index SIE_12_PAYPL_RETR_APLIC_UK2
Index SIE_12_REQT_INTER_UTILS_FK1
Index SIE_12_REQT_INTER_UTILS_FK2
Index SIE_12_REQT_INTER_UTILS_FK3
Index SIE_12_REQT_INTER_UTILS_FK4
Index SIE_12_REQT_INTER_UTILS_PK
Index SIE_12_SESN_FK2
Index SIE_12_SESN_FK3
Index SIE_12_SESN_PK
Index SIE_12_STAT_FK1
Index SIE_12_STAT_FK2
Index SIE_12_STAT_PK
Index SIE_12_STAT_UK2
Index SIE_12_STRUC_ADMIN_FK1
Index SIE_12_STRUC_ADMIN_FK2
Index SIE_12_STRUC_ADMIN_FK3
Index SIE_12_STRUC_ADMIN_PK
Index SIE_12_STRUC_APLIC_DESTN_FK1
Index SIE_12_STRUC_APLIC_DESTN_FK2
Index SIE_12_STRUC_APLIC_DESTN_PK
Index SIE_12_STRUC_APLIC_FK1
Index SIE_12_STRUC_APLIC_FK2
Index SIE_12_STRUC_APLIC_FK3
Index SIE_12_STRUC_APLIC_FK4
Index SIE_12_STRUC_APLIC_FK6
Index SIE_12_STRUC_APLIC_LANG_FK2
Index SIE_12_STRUC_APLIC_LANG_PK
Index SIE_12_STRUC_APLIC_LANG_UK1
Index SIE_12_STRUC_APLIC_PK
Index SIE_12_STRUC_APLIC_UK1
Index SIE_12_TYPE_STRUC_PK
Index SIE_12_TYPE_STRUC_UK1
Index SIE_12_UTILS_PK
Index SIE_12_UTILS_UK1
Index SIE_12_UTILS_UK2
Index SIE_12_UTILS_UK3
Index SIE_13_CONDT_EXECT_PK
Index SIE_13_CONDT_EXECT_UK1
Index SIE_13_CONDT_PILTB_FK1
Index SIE_13_CONDT_PILTB_FK2
Index SIE_13_CONDT_PILTB_PK
Index SIE_13_CONDT_PILTB_UK1
Index SIE_13_DOSR_VIRTL_PK
Index SIE_13_DOSR_VIRTL_UK1
Index SIE_13_EMPLA_DOSR_VIRTL_FK2
Index SIE_13_EMPLA_DOSR_VIRTL_PK
Index SIE_13_EMPLA_DOSR_VIRTL_UK1
Index SIE_13_EXPOR_APLIC_FK1
Index SIE_13_EXPOR_APLIC_FK2
Index SIE_13_EXPOR_APLIC_PK
Index SIE_13_EXPOR_PAGE_FK1
Index SIE_13_EXPOR_PAGE_FK2
Index SIE_13_FORMT_RESRC_FK2
Index SIE_13_FORMT_RESRC_PK
Index SIE_13_FORMT_RESRC_UK1
Index SIE_13_INSTA_PREFR_FK1
Index SIE_13_INSTA_PREFR_FK2
Index SIE_13_INSTA_PREFR_FK3
Index SIE_13_INSTA_PREFR_FK4
Index SIE_13_INSTA_PREFR_PK
Index SIE_13_INSTA_PREFR_UK1
Index SIE_13_ITEM_MENU_FK01
Index SIE_13_ITEM_MENU_FK03
Index SIE_13_ITEM_MENU_FK04
Index SIE_13_ITEM_MENU_FK05
Index SIE_13_ITEM_MENU_FK06
Index SIE_13_ITEM_MENU_FK07
Index SIE_13_ITEM_MENU_FK08
Index SIE_13_ITEM_MENU_FK09
Index SIE_13_ITEM_MENU_FK10
Index SIE_13_ITEM_MENU_FK11
Index SIE_13_ITEM_MENU_FK12
Index SIE_13_ITEM_MENU_FK17
Index SIE_13_ITEM_MENU_FK18
Index SIE_13_ITEM_MENU_FK3
Index SIE_13_ITEM_MENU_FK4
Index SIE_13_ITEM_MENU_FK6
Index SIE_13_ITEM_MENU_FK7
Index SIE_13_ITEM_MENU_FK90
Index SIE_13_ITEM_MENU_PK
Index SIE_13_ITEM_MENU_UK1
Index SIE_13_LIEN_CONDT_PILTB_FK1
Index SIE_13_LIEN_CONDT_PILTB_FK2
Index SIE_13_LIEN_CONDT_PILTB_PK
Index SIE_13_LIEN_CONDT_PILTB_UK1
Index SIE_13_LISTE_NAVGT_FK1
Index SIE_13_LISTE_NAVGT_PK
Index SIE_13_LISTE_NAVGT_UK1
Index SIE_13_MENU_FK02
Index SIE_13_MENU_PK
Index SIE_13_MENU_UK1
Index SIE_13_MIME_TYPE_FK1
Index SIE_13_MIME_TYPE_PK
Index SIE_13_MIME_TYPE_UK1
Index SIE_13_NAVGT_ELEMN_FK1
Index SIE_13_NAVGT_ELEMN_IX1
Index SIE_13_NAVGT_ELEMN_PK
Index SIE_13_NAVGT_FK1
Index SIE_13_NAVGT_FK2
Index SIE_13_NAVGT_FK3
Index SIE_13_NAVGT_PK
Index SIE_13_OCURN_RESRC_FK1
Index SIE_13_OCURN_RESRC_FK2
Index SIE_13_OCURN_RESRC_FK3
Index SIE_13_OCURN_RESRC_FK4
Index SIE_13_OCURN_RESRC_FK5
Index SIE_13_OCURN_RESRC_PK
Index SIE_13_OPERT_FK1
Index SIE_13_OPERT_OPTIO_PK
Index SIE_13_OPERT_OPTIO_UK1
Index SIE_13_OPERT_OPTIO_UK2
Index SIE_13_OPERT_PK
Index SIE_13_OPERT_UK1
Index SIE_13_PAGE_FK10
Index SIE_13_PAGE_FK11
Index SIE_13_PAGE_FK12
Index SIE_13_PAGE_FK13
Index SIE_13_PAGE_FK3
Index SIE_13_PAGE_FK4
Index SIE_13_PAGE_FK5
Index SIE_13_PAGE_FK6
Index SIE_13_PAGE_FK7
Index SIE_13_PAGE_FK8
Index SIE_13_PAGE_FK9
Index SIE_13_PAGE_FK90
Index SIE_13_PAGE_IR_COLN_FK
Index SIE_13_PAGE_IR_COLN_FK2
Index SIE_13_PAGE_IR_COLN_PK
Index SIE_13_PAGE_IR_FK1
Index SIE_13_PAGE_IR_PK
Index SIE_13_PAGE_IR_UK2
Index SIE_13_PAGE_ITEM_FK1
Index SIE_13_PAGE_ITEM_FK2
Index SIE_13_PAGE_ITEM_FK3
Index SIE_13_PAGE_ITEM_LANG_FK2
Index SIE_13_PAGE_ITEM_LANG_PK
Index SIE_13_PAGE_ITEM_LANG_UK1
Index SIE_13_PAGE_ITEM_PK
Index SIE_13_PAGE_ITEM_UK1
Index SIE_13_PAGE_LANG_FK2
Index SIE_13_PAGE_LANG_PK
Index SIE_13_PAGE_LANG_UK1
Index SIE_13_PAGE_PK
Index SIE_13_PAGE_PREFR_NAVGT_FK2
Index SIE_13_PAGE_PREFR_NAVGT_PK
Index SIE_13_PAGE_PREFR_NAVGT_UK1
Index SIE_13_PAGE_UK1
Index SIE_13_PREFR_FK1
Index SIE_13_PREFR_FK2
Index SIE_13_PREFR_FK3
Index SIE_13_PREFR_FK4
Index SIE_13_PREFR_FK6
Index SIE_13_PREFR_PK
Index SIE_13_REGN_PILTB_FK2
Index SIE_13_REGN_PILTB_LANG_FK2
Index SIE_13_REGN_PILTB_LANG_PK
Index SIE_13_REGN_PILTB_LANG_UK1
Index SIE_13_REGN_PILTB_PK
Index SIE_13_REGN_PILTB_UK1
Index SIE_13_RESRC_FK1
Index SIE_13_RESRC_FK2
Index SIE_13_RESRC_FK4
Index SIE_13_RESRC_PK
Index SIE_13_RESRC_UK1
Index SIE_13_TYPE_FICHR_PK
Index SIE_13_TYPE_FICHR_UK1
Index SIE_14_DETL_DOMN_VALR_FK1
Index SIE_14_DETL_DOMN_VALR_PK
Index SIE_14_DOMN_VALR_FK1
Index SIE_14_DOMN_VALR_FK2
Index SIE_14_DOMN_VALR_FK3
Index SIE_14_DOMN_VALR_PK
Index SIE_14_DOMN_VALR_UK1
Index SIE_14_FORMT_PK
Index SIE_14_FORMT_UK1
Index SIE_14_TYPE_DOMN_VALR_FK1
Index SIE_14_TYPE_DOMN_VALR_PK
Index SIE_14_TYPE_DOMN_VALR_UK1
Index SIE_17_ATACH_COURL_ENTRA_PK
Index SIE_17_COMPT_AXIAT_FK2
Index SIE_17_COMPT_AXIAT_FK3
Index SIE_17_COMPT_AXIAT_PK
Index SIE_17_COMPT_AXIAT_UK1
Index SIE_17_COMPT_AXIAT_UK2
Index SIE_17_COMPT_TWILI_PK
Index SIE_17_COOMPT_TWILI_FK1
Index SIE_17_COURL_ENTRA_PK
Index SIE_17_COURL_PIECE_JOINT_FK1
Index SIE_17_COURL_PIECE_JOINT_PK
Index SIE_17_FIL_ATENT_DESTN_FK1
Index SIE_17_FIL_ATENT_DESTN_PK
Index SIE_17_FIL_ATENT_PK
Index SIE_17_PIECE_TELCP_AXIAT_FK1
Index SIE_17_PIECE_TELCP_AXIAT_PK
Index SIE_17_PROFL_COURL_PK
Index SIE_17_PROFL_COURL_UK2
Index SIE_17_PROPR_COURL_ENTRA_PK
Index SIE_17_SMS_TWILI_ENTRA_PK
Index SIE_17_SMS_TWILI_FK1
Index SIE_17_SMS_TWILI_IX1
Index SIE_17_SMS_TWILI_IX2
Index SIE_17_SMS_TWILI_PK
Index SIE_17_TELCP_AXIAT_FK1
Index SIE_17_TELCP_AXIAT_PK
Index SIE_19_BOUTN_FK2
Index SIE_19_BOUTN_FK3
Index SIE_19_BOUTN_PK
Index SIE_19_BOUTN_UK1
Index SIE_19_CLE_FK3
Index SIE_19_CLE_PK
Index SIE_19_CLE_UK1
Index SIE_19_DISPN_FONCT_FK1
Index SIE_19_DISPN_FONCT_FK2
Index SIE_19_DISPN_FONCT_PK
Index SIE_19_DISPN_FONCT_UK1
Index SIE_19_FONCT_DESCR_FK1
Index SIE_19_FONCT_DESCR_FK2
Index SIE_19_FONCT_FK1
Index SIE_19_FONCT_FK2
Index SIE_19_FONCT_FK3
Index SIE_19_FONCT_FK4
Index SIE_19_FONCT_FK5
Index SIE_19_FONCT_FK6
Index SIE_19_FONCT_FK7
Index SIE_19_FONCT_LANG_PK
Index SIE_19_FONCT_LANG_UK1
Index SIE_19_FONCT_PK
Index SIE_19_FONCT_UK1
Index SIE_19_SPECF_FONCT_FK1
Index SIE_19_SPECF_FONCT_FK2
Index SIE_19_SPECF_FONCT_FK3
Index SIE_19_SPECF_FONCT_FK4
Index SIE_19_SPECF_FONCT_FK98
Index SIE_19_SPECF_FONCT_PK
Index SIE_20_DEPLM_FK1
Index SIE_20_DEPLM_FK2
Index SIE_20_DEPLM_FK3
Index SIE_20_DETL_DOCMN_FK1
Index SIE_20_DETL_DOCMN_FK2
Index SIE_20_DETL_DOCMN_FK3
Index SIE_20_DOCMN_FK2
Index SIE_20_DOCMN_FK4
Index SIE_20_MODL_EXCEP
Index SIE_20_MODL_FK1
Index SIE_20_MODL_FK2
Index SIE_20_MODL_FK3
Index SIE_20_MODL_PARMT_FK1
Index SIE_20_MODL_PARMT_FK2
Index SIE_20_SECTN_DOCMN_FK1
Index SIE_20_SECTN_DOCMN_FK2
Index SIE_20_SECTN_DOCMN_FK3
Index SIE_21_PLUGN_ARBRE_FK2
Index SIE_21_PLUGN_ARBRE_FK3
Index SIE_21_PLUGN_ARBRE_FK4
Index SIE_21_PLUGN_ARBRE_NOEUD_FK2
Index SIE_21_PLUGN_ARBRE_NOEUD_FK3
Index SIE_21_PLUGN_ARBRE_NOEUD_PK
Index SIE_21_PLUGN_ARBRE_NOEUD_UK1
Index SIE_21_PLUGN_ARBRE_PK
Index SIE_21_PLUGN_ARBRE_UK1
Index SIE_21_PLUGN_CALND_COULR_UK1
Index SIE_21_PLUGN_CALND_FK2
Index SIE_21_PLUGN_CALND_PK
Index SIE_21_PLUGN_CALND_TYPE_FK1
Index SIE_21_PLUGN_CALND_TYPE_PK
Index SIE_21_PLUGN_CALND_UK1
Index SIE_21_PLUGN_ITEM_MENU_FK2
Index SIE_21_PLUGN_ITEM_MENU_FK3
Index SIE_21_PLUGN_ITEM_MENU_FK4
Index SIE_21_PLUGN_ITEM_MENU_PK
Index SIE_21_PLUGN_ITEM_MENU_UK1
Index SIE_21_PLUGN_MENU_FK2
Index SIE_21_PLUGN_MENU_FK3
Index SIE_21_PLUGN_MENU_FK4
Index SIE_21_PLUGN_MENU_FK5
Index SIE_21_PLUGN_MENU_FK6
Index SIE_21_PLUGN_MENU_FK7
Index SIE_21_PLUGN_MENU_PK
Index SIE_21_PLUGN_MENU_UK1
Index SIE_23_APLIC_MODL_RECHR_FK1
Index SIE_23_APLIC_MODL_RECHR_FK2
Index SIE_23_APLIC_MODL_RECHR_FK3
Index SIE_23_APLIC_MODL_RECHR_PK
Index SIE_23_APLIC_MODL_RECHR_UK1
Index SIE_23_DETL_APLIC_MODL_REC_FK1
Index SIE_23_DETL_APLIC_MODL_REC_FK2
Index SIE_23_DETL_APLIC_MODL_REC_FK3
Index SIE_23_DETL_APLIC_MODL_REC_PK
Index SIE_23_DETL_APLIC_MODL_REC_UK1
Index SIE_23_DETL_RESLT_RECHR_FK1
Index SIE_23_DETL_RESLT_RECHR_FK2
Index SIE_23_DETL_RESLT_RECHR_FK3
Index SIE_23_DETL_RESLT_RECHR_PK
Index SIE_23_DETL_RESLT_RECHR_UK1
Index SIE_23_ENONC_RECHR_FK1
Index SIE_23_ENONC_RECHR_PK
Index SIE_23_MODL_RECHR_FK1
Index SIE_23_MODL_RECHR_PK
Index SIE_23_PATRN_RECHR_FK50
Index SIE_23_PATRN_RECHR_PK
Index SIE_23_RECHR_FK1
Index SIE_23_RECHR_FK2
Index SIE_23_RECHR_PK
Index SIE_23_RESLT_RECHR_PK
Index SIE_23_SOMR_RECHR_FK1
Index SIE_23_SOMR_RECHR_FK2
Index SIE_25_CHAMP_FK1
Index SIE_25_CHAMP_FK2
Index SIE_25_CHAMP_FK3
Index SIE_25_CHAMP_PK
Index SIE_25_CHAMP_PUBLC_TRAVL_FK1
Index SIE_25_CHAMP_PUBLC_TRAVL_PK
Index SIE_25_CHAMP_PUBLC_TRAVL_UK1
Index SIE_25_CHAMP_UK1
Index SIE_25_DOMN_TYPE_PUBLC_FK1
Index SIE_25_DOMN_TYPE_PUBLC_FK2
Index SIE_25_DOMN_TYPE_PUBLC_FK3
Index SIE_25_DOMN_TYPE_PUBLC_PK
Index SIE_25_DOMN_TYPE_PUBLC_UK1
Index SIE_25_ELEMN_CONFG_PUBLC_PK
Index SIE_25_ELEMN_CONFG_PUBLC_UK1
Index SIE_25_ENGIN_PK
Index SIE_25_ENGIN_UK1
Index SIE_25_ENGIN_UK2
Index SIE_25_ENGIN_VERSN_PUBLC_FK1
Index SIE_25_ENGIN_VERSN_PUBLC_FK2
Index SIE_25_ENGIN_VERSN_PUBLC_PK
Index SIE_25_ENGIN_VERSN_PUBLC_UK1
Index SIE_25_GROUP_PUBLC_PK
Index SIE_25_GROUP_PUBLC_UK1
Index SIE_25_JOURN_TRAVL_EXECT_FK1
Index SIE_25_JOURN_TRAVL_EXECT_FK2
Index SIE_25_JOURN_TRAVL_EXECT_FK3
Index SIE_25_JOURN_TRAVL_EXECT_PK
Index SIE_25_OCURN_PARMT_PUB_TRA_FK1
Index SIE_25_OCURN_PARMT_PUB_TRA_PK
Index SIE_25_PARMT_PUBLC_TRAVL_E_FK1
Index SIE_25_PARMT_PUBLC_TRAVL_E_FK2
Index SIE_25_PARMT_PUBLC_TRAVL_E_PK
Index SIE_25_PARMT_PUBLC_TRAVL_FK1
Index SIE_25_PARMT_PUBLC_TRAVL_FK2
Index SIE_25_PARMT_PUBLC_TRAVL_PK
Index SIE_25_PARMT_TYPE_PUBLC_FK2
Index SIE_25_PARMT_TYPE_PUBLC_PK
Index SIE_25_PARMT_TYPE_PUBLC_UK1
Index SIE_25_PUBLC_FK1
Index SIE_25_PUBLC_FK2
Index SIE_25_PUBLC_PK
Index SIE_25_PUBLC_TRAVL_FK1
Index SIE_25_PUBLC_TRAVL_FK2
Index SIE_25_PUBLC_TRAVL_FK3
Index SIE_25_PUBLC_TRAVL_FK7
Index SIE_25_PUBLC_TRAVL_PK
Index SIE_25_PUBLC_UK1
Index SIE_25_TRAVL_FK1
Index SIE_25_TRAVL_FK2
Index SIE_25_TRAVL_FK3
Index SIE_25_TRAVL_FK4
Index SIE_25_TRAVL_PK
Index SIE_25_TYPE_PUBLC_FK1
Index SIE_25_TYPE_PUBLC_PK
Index SIE_25_TYPE_PUBLC_UK1
Index SIE_25_TYPE_TRAVL_FK1
Index SIE_25_TYPE_TRAVL_PK
Index SIE_25_TYPE_TRAVL_UK1
Index SIE_25_VALR_CHAMP_FK1
Index SIE_25_VALR_CHAMP_FK2
Index SIE_25_VALR_CHAMP_PK
Index SIE_25_VALR_ELEMN_CONFG_FK1
Index SIE_25_VALR_ELEMN_CONFG_FK2
Index SIE_25_VALR_ELEMN_CONFG_PK
Index SIE_25_VALR_ELEMN_CONFG_UK1
Index SIE_25_VERSN_PUBLC_FK1
Index SIE_25_VERSN_PUBLC_PK
Index SIE_25_VERSN_PUBLC_UK1
Index SIE_29_CONTR_FK50
Index SIE_29_CONTR_PK
Index SIE_30_AFECT_ITEM_FK2
Index SIE_30_AFECT_ITEM_PK
Index SIE_30_AFECT_ITEM_UK1
Index SIE_30_CARNT_PRODT_FK1
Index SIE_30_CARNT_PRODT_FK3
Index SIE_30_CARNT_PRODT_PK
Index SIE_30_CARNT_PRODT_UK1
Index SIE_30_CARNT_SPRIN_FK1
Index SIE_30_CARNT_SPRIN_FK2
Index SIE_30_CARNT_SPRIN_PK
Index SIE_30_CARNT_SPRIN_UK1
Index SIE_30_CARNT_SYSTM_FK2
Index SIE_30_CARNT_SYSTM_PK
Index SIE_30_CARNT_SYSTM_UK1
Index SIE_30_CAS_UTILS_FK2
Index SIE_30_CAS_UTILS_FK3
Index SIE_30_CAS_UTILS_PK
Index SIE_30_CAS_UTILS_UK1
Index SIE_30_CAS_UTILS_UK2
Index SIE_30_EFORT_ITEM_FK1
Index SIE_30_EFORT_ITEM_FK2
Index SIE_30_EFORT_ITEM_PK
Index SIE_30_EFORT_ITEM_UK1
Index SIE_30_HISTR_EFORT_RESTN_FK1
Index SIE_30_HISTR_EFORT_RESTN_PK
Index SIE_30_HISTR_EFORT_RESTN_UK1
Index SIE_30_ITEM_CARNT_PRODT_FK2
Index SIE_30_ITEM_CARNT_PRODT_FK3
Index SIE_30_ITEM_CARNT_PRODT_FK4
Index SIE_30_ITEM_CARNT_PRODT_FK5
Index SIE_30_ITEM_CARNT_PRODT_PK
Index SIE_30_ITEM_CARNT_PRODT_UK1
Index SIE_30_ITEM_CARNT_SPRIN_FK2
Index SIE_30_ITEM_CARNT_SPRIN_FK3
Index SIE_30_ITEM_CARNT_SPRIN_PK
Index SIE_30_ITEM_CARNT_SPRIN_UK1
Index SIE_30_PAGE_ITEM_FK1
Index SIE_30_PAGE_ITEM_PK
Index SIE_30_PAGE_ITEM_UK1
Index SIE_30_PAGE_PK
Index SIE_30_PAGE_UK1
Index "sie_20_deplm_pk"
Index "sie_20_detl_docmn_pk"
Index "sie_20_docmn_pk"
Index "sie_20_modl_excep_pk"
Index "sie_20_modl_parmt_pk"
Index "sie_20_modl_pk"
Index "sie_20_sectn_docmn_pk"
Non-Foreign Key Constraints on Table SIE_01_ATRIB_MODL_COMNC
Non-Foreign Key Constraints on Table SIE_01_CODE_ERR_ORACL
Non-Foreign Key Constraints on Table SIE_01_CONFG_EVENM_NOTFB
Non-Foreign Key Constraints on Table SIE_01_DESTN
Non-Foreign Key Constraints on Table SIE_01_DESTN_CONFG_EVENM_NOTFB
Non-Foreign Key Constraints on Table SIE_01_ELEMN_CONFG_EVENM_NOTFB
Non-Foreign Key Constraints on Table SIE_01_EVENM_NOTFB
Non-Foreign Key Constraints on Table SIE_01_HIERC_APLIC
Non-Foreign Key Constraints on Table SIE_01_LANG
Non-Foreign Key Constraints on Table SIE_01_LANG_LANG
Non-Foreign Key Constraints on Table SIE_01_MESG
Non-Foreign Key Constraints on Table SIE_01_MESG_ERR_LIE
Non-Foreign Key Constraints on Table SIE_01_MESG_LANG
Non-Foreign Key Constraints on Table SIE_01_MESG_TRADC_APEX
Non-Foreign Key Constraints on Table SIE_01_MODL_AFICH_NOTFC
Non-Foreign Key Constraints on Table SIE_01_MODL_COMNC
Non-Foreign Key Constraints on Table SIE_01_MODL_MESG_NOTFC
Non-Foreign Key Constraints on Table SIE_01_NOTFC
Non-Foreign Key Constraints on Table SIE_01_RESLT_DESTN
Non-Foreign Key Constraints on Table SIE_01_TYPE_COMNC
Non-Foreign Key Constraints on Table SIE_03_CLAS_INTER
Non-Foreign Key Constraints on Table SIE_03_LIEN_CLAS_INTER_UTILS
Non-Foreign Key Constraints on Table SIE_04_CONTX
Non-Foreign Key Constraints on Table SIE_04_CONTX_ETEND
Non-Foreign Key Constraints on Table SIE_04_FIL_ARIAN
Non-Foreign Key Constraints on Table SIE_04_NAVGT_HISTR
Non-Foreign Key Constraints on Table SIE_07_AUDIT_STRUC_APLIC
Non-Foreign Key Constraints on Table SIE_07_INSTA_SEMPH
Non-Foreign Key Constraints on Table SIE_07_SEMPH
Non-Foreign Key Constraints on Table SIE_07_VALR_AUDIT_STRUC_APLIC
Non-Foreign Key Constraints on Table SIE_11_APLIC
Non-Foreign Key Constraints on Table SIE_11_ATRIB_ENTIT
Non-Foreign Key Constraints on Table SIE_11_ENTIT
Non-Foreign Key Constraints on Table SIE_11_PARMT_AFW
Non-Foreign Key Constraints on Table SIE_11_PLUGN
Non-Foreign Key Constraints on Table SIE_11_PRODT
Non-Foreign Key Constraints on Table SIE_11_PRODT_LANG
Non-Foreign Key Constraints on Table SIE_11_PRODT_RESRC
Non-Foreign Key Constraints on Table SIE_11_UTILS
Non-Foreign Key Constraints on Table SIE_11_VERSN
Non-Foreign Key Constraints on Table SIE_12_ACTIO_AUDIT
Non-Foreign Key Constraints on Table SIE_12_ARBRE
Non-Foreign Key Constraints on Table SIE_12_ARBRE_NOEUD
Non-Foreign Key Constraints on Table SIE_12_ATRIB_STRUC_APLIC
Non-Foreign Key Constraints on Table SIE_12_COMPT_PAYPL
Non-Foreign Key Constraints on Table SIE_12_DEFNT_ACCES
Non-Foreign Key Constraints on Table SIE_12_DETL_FORML
Non-Foreign Key Constraints on Table SIE_12_DOMN
Non-Foreign Key Constraints on Table SIE_12_DOMN_FONCT
Non-Foreign Key Constraints on Table SIE_12_DOMN_UTILS
Non-Foreign Key Constraints on Table SIE_12_EVOLT_STAT
Non-Foreign Key Constraints on Table SIE_12_FAVR
Non-Foreign Key Constraints on Table SIE_12_FONCT
Non-Foreign Key Constraints on Table SIE_12_FONCT_STRUC_APLIC
Non-Foreign Key Constraints on Table SIE_12_FORML
Non-Foreign Key Constraints on Table SIE_12_GROUP_STAT
Non-Foreign Key Constraints on Table SIE_12_GROUP_UTILS
Non-Foreign Key Constraints on Table SIE_12_GR_UT_OPERT_OPTIO_DOMN
Non-Foreign Key Constraints on Table SIE_12_HISTR_ACCES
Non-Foreign Key Constraints on Table SIE_12_LIEN_GROUP_UTILS
Non-Foreign Key Constraints on Table SIE_12_LIEN_STRUC
Non-Foreign Key Constraints on Table SIE_12_MEMBR_STRUC
Non-Foreign Key Constraints on Table SIE_12_PAYPL_RETR_APLIC
Non-Foreign Key Constraints on Table SIE_12_REQT_INTER_UTILS
Non-Foreign Key Constraints on Table SIE_12_SESN
Non-Foreign Key Constraints on Table SIE_12_STAT
Non-Foreign Key Constraints on Table SIE_12_STRUC_ADMIN
Non-Foreign Key Constraints on Table SIE_12_STRUC_APLIC
Non-Foreign Key Constraints on Table SIE_12_STRUC_APLIC_DESTN
Non-Foreign Key Constraints on Table SIE_12_STRUC_APLIC_LANG
Non-Foreign Key Constraints on Table SIE_12_TYPE_STRUC
Non-Foreign Key Constraints on Table SIE_12_UTILS
Non-Foreign Key Constraints on Table SIE_13_CONDT_EXECT
Non-Foreign Key Constraints on Table SIE_13_CONDT_PILTB
Non-Foreign Key Constraints on Table SIE_13_DOSR_VIRTL
Non-Foreign Key Constraints on Table SIE_13_EMPLA_DOSR_VIRTL
Non-Foreign Key Constraints on Table SIE_13_EXPOR_APLIC
Non-Foreign Key Constraints on Table SIE_13_FORMT_RESRC
Non-Foreign Key Constraints on Table SIE_13_INSTA_PREFR
Non-Foreign Key Constraints on Table SIE_13_ITEM_MENU
Non-Foreign Key Constraints on Table SIE_13_LIEN_CONDT_PILTB
Non-Foreign Key Constraints on Table SIE_13_LISTE_NAVGT
Non-Foreign Key Constraints on Table SIE_13_MENU
Non-Foreign Key Constraints on Table SIE_13_MIME_TYPE
Non-Foreign Key Constraints on Table SIE_13_NAVGT
Non-Foreign Key Constraints on Table SIE_13_NAVGT_ELEMN
Non-Foreign Key Constraints on Table SIE_13_OCURN_RESRC
Non-Foreign Key Constraints on Table SIE_13_OPERT
Non-Foreign Key Constraints on Table SIE_13_OPERT_OPTIO
Non-Foreign Key Constraints on Table SIE_13_PAGE
Non-Foreign Key Constraints on Table SIE_13_PAGE_IR
Non-Foreign Key Constraints on Table SIE_13_PAGE_IR_COLN
Non-Foreign Key Constraints on Table SIE_13_PAGE_ITEM
Non-Foreign Key Constraints on Table SIE_13_PAGE_ITEM_LANG
Non-Foreign Key Constraints on Table SIE_13_PAGE_LANG
Non-Foreign Key Constraints on Table SIE_13_PAGE_PREFR_NAVGT
Non-Foreign Key Constraints on Table SIE_13_PREFR
Non-Foreign Key Constraints on Table SIE_13_REGN_PILTB
Non-Foreign Key Constraints on Table SIE_13_REGN_PILTB_LANG
Non-Foreign Key Constraints on Table SIE_13_RESRC
Non-Foreign Key Constraints on Table SIE_13_TYPE_FICHR
Non-Foreign Key Constraints on Table SIE_14_DETL_DOMN_VALR
Non-Foreign Key Constraints on Table SIE_14_DOMN_VALR
Non-Foreign Key Constraints on Table SIE_14_FORMT
Non-Foreign Key Constraints on Table SIE_14_TYPE_DOMN_VALR
Non-Foreign Key Constraints on Table SIE_17_ATACH_COURL_ENTRA
Non-Foreign Key Constraints on Table SIE_17_COMPT_AXIAT
Non-Foreign Key Constraints on Table SIE_17_COMPT_TWILI
Non-Foreign Key Constraints on Table SIE_17_COURL
Non-Foreign Key Constraints on Table SIE_17_COURL_DESTN
Non-Foreign Key Constraints on Table SIE_17_COURL_ENTRA
Non-Foreign Key Constraints on Table SIE_17_COURL_PIECE_JOINT
Non-Foreign Key Constraints on Table SIE_17_PIECE_TELCP_AXIAT
Non-Foreign Key Constraints on Table SIE_17_PROFL_COURL
Non-Foreign Key Constraints on Table SIE_17_PROPR_COURL_ENTRA
Non-Foreign Key Constraints on Table SIE_17_SMS_TWILI
Non-Foreign Key Constraints on Table SIE_17_SMS_TWILI_ENTRA
Non-Foreign Key Constraints on Table SIE_17_TELCP_AXIAT
Non-Foreign Key Constraints on Table SIE_19_BOUTN
Non-Foreign Key Constraints on Table SIE_19_CLE
Non-Foreign Key Constraints on Table SIE_19_DISPN_FONCT
Non-Foreign Key Constraints on Table SIE_19_FONCT
Non-Foreign Key Constraints on Table SIE_19_FONCT_LANG
Non-Foreign Key Constraints on Table SIE_19_SPECF_FONCT
Non-Foreign Key Constraints on Table SIE_20_DEPLM
Non-Foreign Key Constraints on Table SIE_20_DETL_DOCMN
Non-Foreign Key Constraints on Table SIE_20_DOCMN
Non-Foreign Key Constraints on Table SIE_20_MODL
Non-Foreign Key Constraints on Table SIE_20_MODL_EXCEP
Non-Foreign Key Constraints on Table SIE_20_MODL_PARMT
Non-Foreign Key Constraints on Table SIE_20_SECTN_DOCMN
Non-Foreign Key Constraints on Table SIE_21_PLUGN_ARBRE
Non-Foreign Key Constraints on Table SIE_21_PLUGN_ARBRE_NOEUD
Non-Foreign Key Constraints on Table SIE_21_PLUGN_CALND
Non-Foreign Key Constraints on Table SIE_21_PLUGN_CALND_TYPE
Non-Foreign Key Constraints on Table SIE_21_PLUGN_ITEM_MENU
Non-Foreign Key Constraints on Table SIE_21_PLUGN_MENU
Non-Foreign Key Constraints on Table SIE_23_APLIC_MODL_RECHR
Non-Foreign Key Constraints on Table SIE_23_DETL_APLIC_MODL_RECHR
Non-Foreign Key Constraints on Table SIE_23_DETL_RESLT_RECHR
Non-Foreign Key Constraints on Table SIE_23_ENONC_RECHR
Non-Foreign Key Constraints on Table SIE_23_MODL_RECHR
Non-Foreign Key Constraints on Table SIE_23_PATRN_RECHR
Non-Foreign Key Constraints on Table SIE_23_RECHR
Non-Foreign Key Constraints on Table SIE_23_RESLT_RECHR
Non-Foreign Key Constraints on Table SIE_25_CHAMP
Non-Foreign Key Constraints on Table SIE_25_CHAMP_PUBLC_TRAVL
Non-Foreign Key Constraints on Table SIE_25_DOMN_TYPE_PUBLC
Non-Foreign Key Constraints on Table SIE_25_ELEMN_CONFG_PUBLC
Non-Foreign Key Constraints on Table SIE_25_ENGIN
Non-Foreign Key Constraints on Table SIE_25_ENGIN_VERSN_PUBLC
Non-Foreign Key Constraints on Table SIE_25_GROUP_PUBLC
Non-Foreign Key Constraints on Table SIE_25_JOURN_TRAVL_EXECT
Non-Foreign Key Constraints on Table SIE_25_OCURN_PARMT_PUBLC_TRAVL
Non-Foreign Key Constraints on Table SIE_25_PARMT_PUBLC_TRAVL
Non-Foreign Key Constraints on Table SIE_25_PARMT_PUBLC_TRAVL_EXECT
Non-Foreign Key Constraints on Table SIE_25_PARMT_TYPE_PUBLC
Non-Foreign Key Constraints on Table SIE_25_PUBLC
Non-Foreign Key Constraints on Table SIE_25_PUBLC_TRAVL
Non-Foreign Key Constraints on Table SIE_25_TRAVL
Non-Foreign Key Constraints on Table SIE_25_TYPE_PUBLC
Non-Foreign Key Constraints on Table SIE_25_TYPE_TRAVL
Non-Foreign Key Constraints on Table SIE_25_VALR_CHAMP
Non-Foreign Key Constraints on Table SIE_25_VALR_ELEMN_CONFG
Non-Foreign Key Constraints on Table SIE_25_VERSN_PUBLC
Non-Foreign Key Constraints on Table SIE_29_CONTR
Non-Foreign Key Constraints on Table SIE_30_AFECT_ITEM
Non-Foreign Key Constraints on Table SIE_30_CARNT_APLIC
Non-Foreign Key Constraints on Table SIE_30_CARNT_PRODT
Non-Foreign Key Constraints on Table SIE_30_CARNT_SPRIN
Non-Foreign Key Constraints on Table SIE_30_CAS_UTILS
Non-Foreign Key Constraints on Table SIE_30_EFORT_ITEM
Non-Foreign Key Constraints on Table SIE_30_HISTR_EFORT_RESTN
Non-Foreign Key Constraints on Table SIE_30_ITEM_CARNT_PRODT
Non-Foreign Key Constraints on Table SIE_30_ITEM_CARNT_SPRIN
Non-Foreign Key Constraints on Table SIE_30_PAGE
Non-Foreign Key Constraints on Table SIE_30_PAGE_ITEM
Non-Foreign Key Constraints on Table SIE_01_ATRIB_MODL_COMNC
Non-Foreign Key Constraints on Table SIE_01_CODE_ERR_ORACL
Non-Foreign Key Constraints on Table SIE_01_DESTN
Non-Foreign Key Constraints on Table SIE_01_EVENM_NOTFB
Non-Foreign Key Constraints on Table SIE_01_HIERC_APLIC
Non-Foreign Key Constraints on Table SIE_01_LANG
Non-Foreign Key Constraints on Table SIE_01_LANG_LANG
Non-Foreign Key Constraints on Table SIE_01_MESG
Non-Foreign Key Constraints on Table SIE_01_MESG_ERR_LIE
Non-Foreign Key Constraints on Table SIE_01_MESG_LANG
Non-Foreign Key Constraints on Table SIE_01_MESG_TRADC_APEX
Non-Foreign Key Constraints on Table SIE_01_MODL_AFICH_NOTFC
Non-Foreign Key Constraints on Table SIE_01_MODL_COMNC
Non-Foreign Key Constraints on Table SIE_01_NOTFC
Non-Foreign Key Constraints on Table SIE_01_OCURN_SA_EVENM_NOTFB
Non-Foreign Key Constraints on Table SIE_01_RESLT_DESTN
Non-Foreign Key Constraints on Table SIE_03_CLAS_INTER
Non-Foreign Key Constraints on Table SIE_04_CONTX_ETEND
Non-Foreign Key Constraints on Table SIE_07_SEMPH
Non-Foreign Key Constraints on Table SIE_07_VALR_AUDIT_STRUC_APLIC
Non-Foreign Key Constraints on Table SIE_11_APLIC
Non-Foreign Key Constraints on Table SIE_11_ATRIB_ENTIT
Non-Foreign Key Constraints on Table SIE_11_ENTIT
Non-Foreign Key Constraints on Table SIE_11_PARMT_AFW
Non-Foreign Key Constraints on Table SIE_11_PLUGN
Non-Foreign Key Constraints on Table SIE_11_PRODT
Non-Foreign Key Constraints on Table SIE_11_PRODT_LANG
Non-Foreign Key Constraints on Table SIE_11_PRODT_RESRC
Non-Foreign Key Constraints on Table SIE_11_VERSN
Non-Foreign Key Constraints on Table SIE_12_ACTIO_AUDIT
Non-Foreign Key Constraints on Table SIE_12_ATRIB_STRUC_APLIC
Non-Foreign Key Constraints on Table SIE_12_COMPT_PAYPL
Non-Foreign Key Constraints on Table SIE_12_DETL_FORML
Non-Foreign Key Constraints on Table SIE_12_DOMN
Non-Foreign Key Constraints on Table SIE_12_DOMN_FONCT
Non-Foreign Key Constraints on Table SIE_12_EVOLT_STAT
Non-Foreign Key Constraints on Table SIE_12_FAVR
Non-Foreign Key Constraints on Table SIE_12_FONCT
Non-Foreign Key Constraints on Table SIE_12_FONCT_STRUC_APLIC
Non-Foreign Key Constraints on Table SIE_12_GROUP_STAT
Non-Foreign Key Constraints on Table SIE_12_GROUP_UTILS
Non-Foreign Key Constraints on Table SIE_12_GR_UT_OPERT_OPTIO_DOMN
Non-Foreign Key Constraints on Table SIE_12_PAYPL_RETR_APLIC
Non-Foreign Key Constraints on Table SIE_12_STAT
Non-Foreign Key Constraints on Table SIE_12_STRUC_APLIC
Non-Foreign Key Constraints on Table SIE_12_STRUC_APLIC_LANG
Non-Foreign Key Constraints on Table SIE_12_TYPE_STRUC
Non-Foreign Key Constraints on Table SIE_12_UTILS
Non-Foreign Key Constraints on Table SIE_13_CONDT_EXECT
Non-Foreign Key Constraints on Table SIE_13_CONDT_PILTB
Non-Foreign Key Constraints on Table SIE_13_DOSR_VIRTL
Non-Foreign Key Constraints on Table SIE_13_EMPLA_DOSR_VIRTL
Non-Foreign Key Constraints on Table SIE_13_FORMT_RESRC
Non-Foreign Key Constraints on Table SIE_13_INSTA_PREFR
Non-Foreign Key Constraints on Table SIE_13_ITEM_MENU
Non-Foreign Key Constraints on Table SIE_13_LIEN_CONDT_PILTB
Non-Foreign Key Constraints on Table SIE_13_LISTE_NAVGT
Non-Foreign Key Constraints on Table SIE_13_MENU
Non-Foreign Key Constraints on Table SIE_13_MIME_TYPE
Non-Foreign Key Constraints on Table SIE_13_OPERT
Non-Foreign Key Constraints on Table SIE_13_OPERT_OPTIO
Non-Foreign Key Constraints on Table SIE_13_PAGE
Non-Foreign Key Constraints on Table SIE_13_PAGE_IR
Non-Foreign Key Constraints on Table SIE_13_PAGE_ITEM
Non-Foreign Key Constraints on Table SIE_13_PAGE_ITEM_LANG
Non-Foreign Key Constraints on Table SIE_13_PAGE_LANG
Non-Foreign Key Constraints on Table SIE_13_PAGE_PREFR_NAVGT
Non-Foreign Key Constraints on Table SIE_13_REGN_PILTB
Non-Foreign Key Constraints on Table SIE_13_REGN_PILTB_LANG
Non-Foreign Key Constraints on Table SIE_13_RESRC
Non-Foreign Key Constraints on Table SIE_13_TYPE_FICHR
Non-Foreign Key Constraints on Table SIE_14_DOMN_VALR
Non-Foreign Key Constraints on Table SIE_14_FORMT
Non-Foreign Key Constraints on Table SIE_14_TYPE_DOMN_VALR
Non-Foreign Key Constraints on Table SIE_17_COMPT_AXIAT
Non-Foreign Key Constraints on Table SIE_17_PROFL_COURL
Non-Foreign Key Constraints on Table SIE_19_BOUTN
Non-Foreign Key Constraints on Table SIE_19_CLE
Non-Foreign Key Constraints on Table SIE_19_DISPN_FONCT
Non-Foreign Key Constraints on Table SIE_19_FONCT
Non-Foreign Key Constraints on Table SIE_19_FONCT_LANG
Non-Foreign Key Constraints on Table SIE_21_PLUGN_ARBRE
Non-Foreign Key Constraints on Table SIE_21_PLUGN_ARBRE_NOEUD
Non-Foreign Key Constraints on Table SIE_21_PLUGN_CALND
Non-Foreign Key Constraints on Table SIE_21_PLUGN_CALND_COULR
Non-Foreign Key Constraints on Table SIE_21_PLUGN_ITEM_MENU
Non-Foreign Key Constraints on Table SIE_21_PLUGN_MENU
Non-Foreign Key Constraints on Table SIE_23_APLIC_MODL_RECHR
Non-Foreign Key Constraints on Table SIE_23_DETL_APLIC_MODL_RECHR
Non-Foreign Key Constraints on Table SIE_23_DETL_RESLT_RECHR
Non-Foreign Key Constraints on Table SIE_25_CHAMP
Non-Foreign Key Constraints on Table SIE_25_CHAMP_PUBLC_TRAVL
Non-Foreign Key Constraints on Table SIE_25_DOMN_TYPE_PUBLC
Non-Foreign Key Constraints on Table SIE_25_ELEMN_CONFG_PUBLC
Non-Foreign Key Constraints on Table SIE_25_ENGIN
Non-Foreign Key Constraints on Table SIE_25_ENGIN_VERSN_PUBLC
Non-Foreign Key Constraints on Table SIE_25_GROUP_PUBLC
Non-Foreign Key Constraints on Table SIE_25_PARMT_TYPE_PUBLC
Non-Foreign Key Constraints on Table SIE_25_PUBLC
Non-Foreign Key Constraints on Table SIE_25_TYPE_PUBLC
Non-Foreign Key Constraints on Table SIE_25_TYPE_TRAVL
Non-Foreign Key Constraints on Table SIE_25_VALR_ELEMN_CONFG
Non-Foreign Key Constraints on Table SIE_25_VERSN_PUBLC
Non-Foreign Key Constraints on Table SIE_30_AFECT_ITEM
Non-Foreign Key Constraints on Table SIE_30_CARNT_APLIC
Non-Foreign Key Constraints on Table SIE_30_CARNT_PRODT
Non-Foreign Key Constraints on Table SIE_30_CARNT_SPRIN
Non-Foreign Key Constraints on Table SIE_30_CAS_UTILS
Non-Foreign Key Constraints on Table SIE_30_EFORT_ITEM
Non-Foreign Key Constraints on Table SIE_30_HISTR_EFORT_RESTN
Non-Foreign Key Constraints on Table SIE_30_ITEM_CARNT_PRODT
Non-Foreign Key Constraints on Table SIE_30_ITEM_CARNT_SPRIN
Non-Foreign Key Constraints on Table SIE_30_PAGE
Non-Foreign Key Constraints on Table SIE_30_PAGE_ITEM
Non-Foreign Key Constraints on Table SIE_01_CONFG_EVENM_NOTFB
Non-Foreign Key Constraints on Table SIE_01_HIERC_APLIC
Non-Foreign Key Constraints on Table SIE_01_MESG_INFOR
Non-Foreign Key Constraints on Table SIE_03_LIEN_CLAS_INTER_UTILS
Non-Foreign Key Constraints on Table SIE_04_CONTX_ETEND
Non-Foreign Key Constraints on Table SIE_04_FIL_ARIAN
Non-Foreign Key Constraints on Table SIE_07_AUDIT_STRUC_APLIC
Non-Foreign Key Constraints on Table SIE_11_PRODT
Non-Foreign Key Constraints on Table SIE_11_PRODT_RESRC
Non-Foreign Key Constraints on Table SIE_11_VERSN
Non-Foreign Key Constraints on Table SIE_12_DEFNT_ACCES
Non-Foreign Key Constraints on Table SIE_12_DOMN_UTILS
Non-Foreign Key Constraints on Table SIE_12_GROUP_UTILS
Non-Foreign Key Constraints on Table SIE_12_LIEN_GROUP_UTILS
Non-Foreign Key Constraints on Table SIE_12_REQT_INTER_UTILS
Non-Foreign Key Constraints on Table SIE_12_STAT
Non-Foreign Key Constraints on Table SIE_12_STRUC_APLIC
Non-Foreign Key Constraints on Table SIE_12_UTILS
Non-Foreign Key Constraints on Table SIE_13_ITEM_MENU
Non-Foreign Key Constraints on Table SIE_13_PAGE_IR_COLN
Non-Foreign Key Constraints on Table SIE_13_RESRC
Non-Foreign Key Constraints on Table SIE_14_DOMN_VALR
Non-Foreign Key Constraints on Table SIE_17_PROFL_COURL
Non-Foreign Key Constraints on Table SIE_19_BOUTN
Non-Foreign Key Constraints on Table SIE_19_CLE
Non-Foreign Key Constraints on Table SIE_19_FONCT
Non-Foreign Key Constraints on Table SIE_19_SPECF_FONCT
Non-Foreign Key Constraints on Table SIE_20_DEPLM
Non-Foreign Key Constraints on Table SIE_21_PLUGN_ARBRE
Non-Foreign Key Constraints on Table SIE_21_PLUGN_ARBRE_NOEUD
Non-Foreign Key Constraints on Table SIE_21_PLUGN_CALND
Non-Foreign Key Constraints on Table SIE_21_PLUGN_ITEM_MENU
Non-Foreign Key Constraints on Table SIE_23_APLIC_MODL_RECHR
Non-Foreign Key Constraints on Table SIE_23_DETL_APLIC_MODL_RECHR
Non-Foreign Key Constraints on Table SIE_25_PARMT_TYPE_PUBLC
Non-Foreign Key Constraints on Table SIE_25_VALR_ELEMN_CONFG
Foreign Key Constraints on Table SIE_01_ATRIB_MODL_COMNC
Foreign Key Constraints on Table SIE_01_CONFG_EVENM_NOTFB
Foreign Key Constraints on Table SIE_01_DESTN
Foreign Key Constraints on Table SIE_01_DESTN_CONFG_EVENM_NOTFB
Foreign Key Constraints on Table SIE_01_ELEMN_CONFG_EVENM_NOTFB
Foreign Key Constraints on Table SIE_01_EVENM_NOTFB
Foreign Key Constraints on Table SIE_01_HIERC_APLIC
Foreign Key Constraints on Table SIE_01_LANG_LANG
Foreign Key Constraints on Table SIE_01_MESG
Foreign Key Constraints on Table SIE_01_MESG_ERR_LIE
Foreign Key Constraints on Table SIE_01_MESG_INFOR
Foreign Key Constraints on Table SIE_01_MESG_LANG
Foreign Key Constraints on Table SIE_01_MESG_TRADC_APEX
Foreign Key Constraints on Table SIE_01_MODL_AFICH_NOTFC
Foreign Key Constraints on Table SIE_01_MODL_COMNC
Foreign Key Constraints on Table SIE_01_MODL_MESG_NOTFC
Foreign Key Constraints on Table SIE_01_NOTFC
Foreign Key Constraints on Table SIE_01_OCURN_SA_EVENM_NOTFB
Foreign Key Constraints on Table SIE_01_RESLT_DESTN
Foreign Key Constraints on Table SIE_03_CLAS_INTER
Foreign Key Constraints on Table SIE_03_JOURN_STRUC_APLIC
Foreign Key Constraints on Table SIE_03_LIEN_CLAS_INTER_UTILS
Foreign Key Constraints on Table SIE_04_CONTX
Foreign Key Constraints on Table SIE_04_CONTX_ETEND
Foreign Key Constraints on Table SIE_04_FIL_ARIAN
Foreign Key Constraints on Table SIE_04_NAVGT_HISTR
Foreign Key Constraints on Table SIE_07_AUDIT_STRUC_APLIC
Foreign Key Constraints on Table SIE_07_ETAT_SESN
Foreign Key Constraints on Table SIE_07_INSTA_SEMPH
Foreign Key Constraints on Table SIE_07_VALR_AUDIT_STRUC_APLIC
Foreign Key Constraints on Table SIE_11_APLIC
Foreign Key Constraints on Table SIE_11_ATRIB_ENTIT
Foreign Key Constraints on Table SIE_11_ENTIT
Foreign Key Constraints on Table SIE_11_PLUGN
Foreign Key Constraints on Table SIE_11_PRODT
Foreign Key Constraints on Table SIE_11_PRODT_LANG
Foreign Key Constraints on Table SIE_11_PRODT_RESRC
Foreign Key Constraints on Table SIE_11_UTILS
Foreign Key Constraints on Table SIE_11_VERSN
Foreign Key Constraints on Table SIE_12_ACTIO_AUDIT
Foreign Key Constraints on Table SIE_12_ARBRE
Foreign Key Constraints on Table SIE_12_ARBRE_NOEUD
Foreign Key Constraints on Table SIE_12_ATRIB_STRUC_APLIC
Foreign Key Constraints on Table SIE_12_COMPT_PAYPL
Foreign Key Constraints on Table SIE_12_DEFNT_ACCES
Foreign Key Constraints on Table SIE_12_DETL_FORML
Foreign Key Constraints on Table SIE_12_DOMN
Foreign Key Constraints on Table SIE_12_DOMN_FONCT
Foreign Key Constraints on Table SIE_12_DOMN_UTILS
Foreign Key Constraints on Table SIE_12_EVOLT_STAT
Foreign Key Constraints on Table SIE_12_FAVR
Foreign Key Constraints on Table SIE_12_FONCT
Foreign Key Constraints on Table SIE_12_FONCT_STRUC_APLIC
Foreign Key Constraints on Table SIE_12_FORML
Foreign Key Constraints on Table SIE_12_GROUP_STAT
Foreign Key Constraints on Table SIE_12_GROUP_UTILS
Foreign Key Constraints on Table SIE_12_GR_UT_OPERT_OPTIO_DOMN
Foreign Key Constraints on Table SIE_12_HISTR_ACCES
Foreign Key Constraints on Table SIE_12_LIEN_GROUP_UTILS
Foreign Key Constraints on Table SIE_12_LIEN_STRUC
Foreign Key Constraints on Table SIE_12_MEMBR_STRUC
Foreign Key Constraints on Table SIE_12_PAYPL_RETR_APLIC
Foreign Key Constraints on Table SIE_12_REQT_INTER_UTILS
Foreign Key Constraints on Table SIE_12_SESN
Foreign Key Constraints on Table SIE_12_STAT
Foreign Key Constraints on Table SIE_12_STRUC_ADMIN
Foreign Key Constraints on Table SIE_12_STRUC_APLIC
Foreign Key Constraints on Table SIE_12_STRUC_APLIC_DESTN
Foreign Key Constraints on Table SIE_12_STRUC_APLIC_LANG
Foreign Key Constraints on Table SIE_12_TYPE_STRUC
Foreign Key Constraints on Table SIE_12_UTILS
Foreign Key Constraints on Table SIE_13_CONDT_PILTB
Foreign Key Constraints on Table SIE_13_DOSR_VIRTL
Foreign Key Constraints on Table SIE_13_EMPLA_DOSR_VIRTL
Foreign Key Constraints on Table SIE_13_EXPOR_APLIC
Foreign Key Constraints on Table SIE_13_FORMT_RESRC
Foreign Key Constraints on Table SIE_13_INSTA_PREFR
Foreign Key Constraints on Table SIE_13_ITEM_MENU
Foreign Key Constraints on Table SIE_13_LIEN_CONDT_PILTB
Foreign Key Constraints on Table SIE_13_LISTE_NAVGT
Foreign Key Constraints on Table SIE_13_MENU
Foreign Key Constraints on Table SIE_13_MIME_TYPE
Foreign Key Constraints on Table SIE_13_NAVGT
Foreign Key Constraints on Table SIE_13_NAVGT_ELEMN
Foreign Key Constraints on Table SIE_13_OCURN_RESRC
Foreign Key Constraints on Table SIE_13_OPERT
Foreign Key Constraints on Table SIE_13_OPERT_OPTIO
Foreign Key Constraints on Table SIE_13_PAGE
Foreign Key Constraints on Table SIE_13_PAGE_IR
Foreign Key Constraints on Table SIE_13_PAGE_IR_COLN
Foreign Key Constraints on Table SIE_13_PAGE_ITEM
Foreign Key Constraints on Table SIE_13_PAGE_ITEM_LANG
Foreign Key Constraints on Table SIE_13_PAGE_LANG
Foreign Key Constraints on Table SIE_13_PREFR
Foreign Key Constraints on Table SIE_13_REGN_PILTB
Foreign Key Constraints on Table SIE_13_REGN_PILTB_LANG
Foreign Key Constraints on Table SIE_13_RESRC
Foreign Key Constraints on Table SIE_14_DETL_DOMN_VALR
Foreign Key Constraints on Table SIE_14_DOMN_VALR
Foreign Key Constraints on Table SIE_14_FORMT
Foreign Key Constraints on Table SIE_14_TYPE_DOMN_VALR
Foreign Key Constraints on Table SIE_17_ATACH_COURL_ENTRA
Foreign Key Constraints on Table SIE_17_COMPT_AXIAT
Foreign Key Constraints on Table SIE_17_COMPT_TWILI
Foreign Key Constraints on Table SIE_17_COURL_DESTN
Foreign Key Constraints on Table SIE_17_COURL_ENTRA
Foreign Key Constraints on Table SIE_17_COURL_PIECE_JOINT
Foreign Key Constraints on Table SIE_17_PIECE_TELCP_AXIAT
Foreign Key Constraints on Table SIE_17_PROFL_COURL
Foreign Key Constraints on Table SIE_17_PROPR_COURL_ENTRA
Foreign Key Constraints on Table SIE_17_SMS_TWILI
Foreign Key Constraints on Table SIE_17_TELCP_AXIAT
Foreign Key Constraints on Table SIE_19_BOUTN
Foreign Key Constraints on Table SIE_19_CLE
Foreign Key Constraints on Table SIE_19_DISPN_FONCT
Foreign Key Constraints on Table SIE_19_FONCT
Foreign Key Constraints on Table SIE_19_FONCT_LANG
Foreign Key Constraints on Table SIE_19_SPECF_FONCT
Foreign Key Constraints on Table SIE_20_DEPLM
Foreign Key Constraints on Table SIE_20_DETL_DOCMN
Foreign Key Constraints on Table SIE_20_MODL
Foreign Key Constraints on Table SIE_20_MODL_EXCEP
Foreign Key Constraints on Table SIE_20_MODL_PARMT
Foreign Key Constraints on Table SIE_20_SECTN_DOCMN
Foreign Key Constraints on Table SIE_21_PLUGN_ARBRE
Foreign Key Constraints on Table SIE_21_PLUGN_ARBRE_NOEUD
Foreign Key Constraints on Table SIE_21_PLUGN_CALND
Foreign Key Constraints on Table SIE_21_PLUGN_CALND_TYPE
Foreign Key Constraints on Table SIE_21_PLUGN_ITEM_MENU
Foreign Key Constraints on Table SIE_21_PLUGN_MENU
Foreign Key Constraints on Table SIE_23_APLIC_MODL_RECHR
Foreign Key Constraints on Table SIE_23_DETL_APLIC_MODL_RECHR
Foreign Key Constraints on Table SIE_23_DETL_RESLT_RECHR
Foreign Key Constraints on Table SIE_23_ENONC_RECHR
Foreign Key Constraints on Table SIE_23_MODL_RECHR
Foreign Key Constraints on Table SIE_23_PATRN_RECHR
Foreign Key Constraints on Table SIE_23_RECHR
Foreign Key Constraints on Table SIE_23_RESLT_RECHR
Foreign Key Constraints on Table SIE_25_CHAMP
Foreign Key Constraints on Table SIE_25_CHAMP_PUBLC_TRAVL
Foreign Key Constraints on Table SIE_25_DOMN_TYPE_PUBLC
Foreign Key Constraints on Table SIE_25_ELEMN_CONFG_PUBLC
Foreign Key Constraints on Table SIE_25_ENGIN
Foreign Key Constraints on Table SIE_25_ENGIN_VERSN_PUBLC
Foreign Key Constraints on Table SIE_25_JOURN_TRAVL_EXECT
Foreign Key Constraints on Table SIE_25_OCURN_PARMT_PUBLC_TRAVL
Foreign Key Constraints on Table SIE_25_PARMT_PUBLC_TRAVL
Foreign Key Constraints on Table SIE_25_PARMT_PUBLC_TRAVL_EXECT
Foreign Key Constraints on Table SIE_25_PARMT_TYPE_PUBLC
Foreign Key Constraints on Table SIE_25_PUBLC
Foreign Key Constraints on Table SIE_25_PUBLC_TRAVL
Foreign Key Constraints on Table SIE_25_TRAVL
Foreign Key Constraints on Table SIE_25_TYPE_TRAVL
Foreign Key Constraints on Table SIE_25_VALR_CHAMP
Foreign Key Constraints on Table SIE_25_VALR_ELEMN_CONFG
Foreign Key Constraints on Table SIE_25_VERSN_PUBLC
Foreign Key Constraints on Table SIE_29_CONTR
Foreign Key Constraints on Table SIE_30_AFECT_ITEM
Foreign Key Constraints on Table SIE_30_CARNT_APLIC
Foreign Key Constraints on Table SIE_30_CARNT_PRODT
Foreign Key Constraints on Table SIE_30_CARNT_SPRIN
Foreign Key Constraints on Table SIE_30_CAS_UTILS
Foreign Key Constraints on Table SIE_30_EFORT_ITEM
Foreign Key Constraints on Table SIE_30_HISTR_EFORT_RESTN
Foreign Key Constraints on Table SIE_30_ITEM_CARNT_PRODT
Foreign Key Constraints on Table SIE_30_ITEM_CARNT_SPRIN
Foreign Key Constraints on Table SIE_30_PAGE
Foreign Key Constraints on Table SIE_30_PAGE_ITEM

...Compilation de AFW_040200...

SP2-0734: unknown command beginning "﻿/* Format..." - rest of line ignored.
